1264	1739	1770
0.99995400 -0.00297500 -0.00912400 -1.23427800
0.00292500 0.99998000 -0.00557200 -0.59250600
0.00914000 0.00554500 0.99994300 -0.00197400
0.00000000 0.00000000 0.00000000 1.00000000
549	1214	1770
0.99999400 0.00251200 0.00252000 1.31202600
-0.00251500 0.99999600 0.00085500 -2.41856100
-0.00251800 -0.00086100 0.99999600 0.06169600
0.00000000 0.00000000 0.00000000 1.00000000
234	1529	1770
0.99996500 0.00831900 0.00067200 2.09516100
-0.00831600 0.99995300 -0.00507400 -3.89293300
-0.00071400 0.00506900 0.99998700 -0.21395600
0.00000000 0.00000000 0.00000000 1.00000000
294	1469	1770
0.99935300 0.03594800 0.00091300 -5.05893300
-0.03594200 0.99933300 -0.00651500 8.68745500
-0.00114700 0.00647800 0.99997800 -0.05777900
0.00000000 0.00000000 0.00000000 1.00000000
309	1454	1770
0.99994200 0.00789700 0.00732000 -4.38128500
-0.00786600 0.99996000 -0.00415300 1.43769700
-0.00735300 0.00409600 0.99996500 0.01547700
0.00000000 0.00000000 0.00000000 1.00000000
24	499	1770
0.99997800 0.00091100 0.00664000 4.59189300
-0.00092400 0.99999800 0.00198100 1.65005600
-0.00663900 -0.00198700 0.99997600 -0.03564300
0.00000000 0.00000000 0.00000000 1.00000000
1254	1729	1770
0.99994500 -0.00063400 -0.01043200 -1.17712500
0.00072900 0.99995800 0.00912100 0.26652200
0.01042600 -0.00912800 0.99990400 0.03663200
0.00000000 0.00000000 0.00000000 1.00000000
1269	1744	1770
0.99999500 0.00206600 0.00225600 0.21358600
-0.00206800 0.99999800 0.00082100 -1.39784100
-0.00225500 -0.00082600 0.99999700 -0.04404900
0.00000000 0.00000000 0.00000000 1.00000000
649	1114	1770
0.99432100 0.01501800 0.10535900 7.26718700
0.00087300 0.98880800 -0.14918900 4.45525400
-0.10642000 0.14843400 0.98318000 -0.39149100
0.00000000 0.00000000 0.00000000 1.00000000
69	829	1770
0.99999500 0.00019500 0.00313600 0.16960000
-0.00021300 0.99998400 0.00563700 2.45829900
-0.00313500 -0.00563800 0.99997900 0.02826400
0.00000000 0.00000000 0.00000000 1.00000000
19	494	1770
0.99997300 0.00291100 -0.00675800 -0.10925600
-0.00292700 0.99999300 -0.00239000 1.50072600
0.00675100 0.00241000 0.99997400 -0.54816300
0.00000000 0.00000000 0.00000000 1.00000000
169	1594	1770
0.99996600 0.00405800 0.00717000 -1.16650800
-0.00424000 0.99966500 0.02553800 0.44622200
-0.00706400 -0.02556800 0.99964800 0.04993700
0.00000000 0.00000000 0.00000000 1.00000000
379	1384	1770
0.99997400 0.00536300 0.00474800 1.94544900
-0.00541200 0.99993000 0.01055000 7.09738700
-0.00469100 -0.01057600 0.99993300 0.07550400
0.00000000 0.00000000 0.00000000 1.00000000
119	1644	1770
0.99997400 0.00658000 0.00282500 -2.34688900
-0.00656900 0.99997200 -0.00368400 7.72387300
-0.00284900 0.00366600 0.99998900 -0.02146200
0.00000000 0.00000000 0.00000000 1.00000000
94	1669	1770
0.99998200 0.00446200 -0.00401000 1.95289600
-0.00447100 0.99998700 -0.00226300 -8.57661500
0.00400000 0.00228100 0.99998900 -0.09796100
0.00000000 0.00000000 0.00000000 1.00000000
149	1614	1770
0.99995700 0.00857800 0.00344400 1.38587100
-0.00862100 0.99987900 0.01292700 -4.37436400
-0.00333300 -0.01295700 0.99991100 0.00504000
0.00000000 0.00000000 0.00000000 1.00000000
24	1739	1770
0.99999200 -0.00186600 0.00348100 9.13153700
0.00186000 0.99999700 0.00154600 3.29344300
-0.00348400 -0.00154000 0.99999300 -0.08946500
0.00000000 0.00000000 0.00000000 1.00000000
644	1119	1770
0.99964200 -0.02290900 0.01381100 1.53530900
0.02276200 0.99968400 0.01067200 -0.84597300
-0.01405200 -0.01035400 0.99984800 0.05192200
0.00000000 0.00000000 0.00000000 1.00000000
594	1169	1770
0.99978000 -0.00857400 0.01916500 1.54815300
0.00893900 0.99977800 -0.01908700 -0.04114200
-0.01899700 0.01925400 0.99963400 -0.03037600
0.00000000 0.00000000 0.00000000 1.00000000
944	1704	1770
0.99997400 0.00725400 0.00019600 -1.26007600
-0.00725400 0.99997200 -0.00204800 -2.41042900
-0.00021000 0.00204600 0.99999800 0.02450900
0.00000000 0.00000000 0.00000000 1.00000000
474	1289	1770
0.99998800 0.00495800 0.00048200 6.35362600
-0.00495500 0.99996600 -0.00659800 4.53627100
-0.00051400 0.00659500 0.99997800 -0.00520400
0.00000000 0.00000000 0.00000000 1.00000000
204	1559	1770
0.99976300 0.01462000 -0.01613000 -5.84674100
-0.01468300 0.99988500 -0.00378200 -1.47269500
0.01607300 0.00401700 0.99986300 -0.16482100
0.00000000 0.00000000 0.00000000 1.00000000
369	1394	1770
0.99987500 -0.00797600 0.01362700 2.02772000
0.00777900 0.99986600 0.01441300 1.14227900
-0.01374000 -0.01430600 0.99980300 -0.23694600
0.00000000 0.00000000 0.00000000 1.00000000
29	504	1770
0.99999200 -0.00333700 -0.00235700 3.59676000
0.00333800 0.99999400 0.00032600 1.21780700
0.00235600 -0.00033400 0.99999700 0.07834800
0.00000000 0.00000000 0.00000000 1.00000000
319	1444	1770
0.99993300 0.00847100 -0.00790100 -3.80556800
-0.00847500 0.99996400 -0.00043300 -0.05367000
0.00789700 0.00050000 0.99996900 -0.03382600
0.00000000 0.00000000 0.00000000 1.00000000
84	844	1770
0.99999600 0.00266000 -0.00099300 -0.00090100
-0.00265200 0.99996300 0.00815800 2.99827700
0.00101500 -0.00815500 0.99996600 0.00506300
0.00000000 0.00000000 0.00000000 1.00000000
949	1709	1770
0.99999300 0.00284800 0.00241500 -0.89755200
-0.00283500 0.99998300 -0.00509700 -4.81984500
-0.00243000 0.00509000 0.99998400 0.00539700
0.00000000 0.00000000 0.00000000 1.00000000
1604	1644	1770
-0.99947400 -0.00441700 0.03212500 4.51209500
0.00587600 -0.99894800 0.04548600 -15.46579500
0.03189100 0.04565100 0.99844800 0.43353300
0.00000000 0.00000000 0.00000000 1.00000000
19	24	1770
0.06078600 0.95890300 -0.27714800 -10.73587400
-0.37311500 0.27936200 0.88472700 -10.40021400
0.92579200 0.04962900 0.37476200 -0.37880700
0.00000000 0.00000000 0.00000000 1.00000000
624	1139	1770
0.99998700 -0.00478500 0.00163100 3.30399800
0.00479200 0.99997900 -0.00426400 -6.95441300
-0.00161100 0.00427100 0.99999000 -0.00072000
0.00000000 0.00000000 0.00000000 1.00000000
24	494	1770
0.97516000 0.21812200 -0.03853800 -9.97522400
-0.22048700 0.97251600 -0.07482400 -4.80804800
0.02115800 0.08146300 0.99645200 -1.31319600
0.00000000 0.00000000 0.00000000 1.00000000
119	1604	1770
-0.99994400 -0.00381800 0.00985800 2.87162300
0.00383800 -0.99999100 0.00205000 -9.67875700
0.00985000 0.00208800 0.99994900 -0.05150700
0.00000000 0.00000000 0.00000000 1.00000000
159	1644	1770
0.99580800 0.02418400 0.08821600 -2.46135200
-0.02481300 0.99967400 0.00603400 10.38912300
-0.08804100 -0.00819800 0.99608300 0.35968000
0.00000000 0.00000000 0.00000000 1.00000000
59	819	1770
0.99999000 -0.00074700 0.00439500 0.99248700
0.00071400 0.99997200 0.00742600 3.28841800
-0.00440000 -0.00742300 0.99996300 -0.03204800
0.00000000 0.00000000 0.00000000 1.00000000
19	499	1770
-0.36537100 0.92211400 -0.12731600 -4.75834100
-0.93084700 -0.36115100 0.05561900 -15.55782600
0.00530700 0.13883300 0.99030200 1.47508000
0.00000000 0.00000000 0.00000000 1.00000000
364	1399	1770
0.99998700 -0.00240500 -0.00449400 4.89713400
0.00239100 0.99999300 -0.00297400 1.67192400
0.00450100 0.00296300 0.99998500 0.04498100
0.00000000 0.00000000 0.00000000 1.00000000
24	1744	1770
0.91890700 0.36344800 0.15334800 -17.89967100
-0.34430600 0.92867900 -0.13787000 -4.44273300
-0.19252000 0.07389100 0.97850700 0.90683600
0.00000000 0.00000000 0.00000000 1.00000000
1109	1114	1770
0.96903500 0.00220600 -0.24691200 -27.30727000
-0.06051200 0.97159000 -0.22880500 0.48779200
0.23939200 0.23666100 0.94163800 -5.47758700
0.00000000 0.00000000 0.00000000 1.00000000
24	1264	1770
0.99982400 -0.00158200 0.01870800 10.32415700
0.00150500 0.99999000 0.00416500 3.90261900
-0.01871500 -0.00413600 0.99981600 -0.18112500
0.00000000 0.00000000 0.00000000 1.00000000
359	1404	1770
0.99995900 -0.00062300 -0.00900500 6.16226700
0.00056200 0.99997700 -0.00673400 2.25835100
0.00900900 0.00672900 0.99993700 0.33403800
0.00000000 0.00000000 0.00000000 1.00000000
564	1199	1770
0.99999900 0.00028700 0.00119100 -1.68407300
-0.00027800 0.99997000 -0.00769200 -2.62579500
-0.00119300 0.00769200 0.99997000 -0.01008200
0.00000000 0.00000000 0.00000000 1.00000000
279	1484	1770
0.99969900 0.01839600 0.01624100 10.67919000
-0.01869200 0.99965800 0.01829300 2.55165800
-0.01589900 -0.01859100 0.99970100 0.13448400
0.00000000 0.00000000 0.00000000 1.00000000
214	1404	1770
0.19105200 0.97353400 -0.12542200 -6.07205900
0.97498100 -0.20300300 -0.09056700 17.73021300
-0.11363100 -0.10498100 -0.98796100 -5.33818600
0.00000000 0.00000000 0.00000000 1.00000000
144	1619	1770
0.99995300 0.00782100 0.00570300 2.91282000
-0.00782300 0.99996900 0.00034400 -3.75238000
-0.00570000 -0.00038900 0.99998400 -0.18652500
0.00000000 0.00000000 0.00000000 1.00000000
799	964	1770
0.99997600 -0.00656400 -0.00207400 -3.06797200
0.00657800 0.99995400 0.00695700 6.12616200
0.00202800 -0.00697000 0.99997400 -0.00274200
0.00000000 0.00000000 0.00000000 1.00000000
284	1479	1770
0.99999200 -0.00208200 0.00345200 -1.61632200
0.00210200 0.99998000 -0.00596800 -4.39724800
-0.00344000 0.00597500 0.99997600 -0.27388600
0.00000000 0.00000000 0.00000000 1.00000000
1119	1124	1770
-0.27070500 -0.17920800 -0.94583500 7.88365000
-0.15648100 -0.96126100 0.22691700 -12.35909900
-0.94985900 0.20943300 0.23217500 -5.43113800
0.00000000 0.00000000 0.00000000 1.00000000
774	989	1770
0.99982600 0.00454400 -0.01810100 -2.46237400
-0.00416400 0.99977200 0.02093500 3.19083900
0.01819200 -0.02085600 0.99961700 -0.12480300
0.00000000 0.00000000 0.00000000 1.00000000
314	1449	1770
0.99999400 0.00040500 0.00345700 -4.04662200
-0.00041000 0.99999900 0.00149000 1.31399100
-0.00345700 -0.00149200 0.99999300 0.03357200
0.00000000 0.00000000 0.00000000 1.00000000
934	1694	1770
0.99999800 0.00203700 -0.00031300 -0.70980000
-0.00203200 0.99991900 0.01254700 -3.42408900
0.00033800 -0.01254600 0.99992100 -0.00663200
0.00000000 0.00000000 0.00000000 1.00000000
769	994	1770
0.99992600 -0.01053300 -0.00607600 -8.10427000
0.01058500 0.99990600 0.00869400 17.04070800
0.00598300 -0.00875800 0.99994400 -0.17917100
0.00000000 0.00000000 0.00000000 1.00000000
189	1574	1770
0.99995400 -0.00688400 -0.00660800 -1.71641400
0.00675300 0.99978600 -0.01956200 -7.35241100
0.00674100 0.01951600 0.99978700 -0.24338300
0.00000000 0.00000000 0.00000000 1.00000000
24	1269	1770
0.95449700 0.03727800 0.29588300 -5.32388300
-0.04013300 0.99918800 0.00357900 -3.19658000
-0.29550900 -0.01529000 0.95521800 3.73246500
0.00000000 0.00000000 0.00000000 1.00000000
504	1734	1770
0.99995200 0.00736200 0.00646300 4.96891300
-0.00737700 0.99997000 0.00220900 2.23298600
-0.00644700 -0.00225600 0.99997700 -0.01014600
0.00000000 0.00000000 0.00000000 1.00000000
1269	1739	1770
0.85002600 0.45068900 -0.27264500 20.69766200
-0.50321100 0.84778500 -0.16745200 9.83589900
0.15567500 0.27953600 0.94743100 -1.68831600
0.00000000 0.00000000 0.00000000 1.00000000
494	499	1770
0.99325100 -0.11585400 0.00548700 11.37764100
0.11595600 0.99087200 -0.06874600 9.90395800
0.00252800 0.06891800 0.99761900 -0.56840800
0.00000000 0.00000000 0.00000000 1.00000000
1264	1269	1770
0.78730100 -0.60998200 -0.08988500 -3.58009700
0.61566900 0.76987400 0.16806700 -12.10764500
-0.03331800 -0.18765900 0.98166900 3.92320300
0.00000000 0.00000000 0.00000000 1.00000000
124	1639	1770
0.99999900 0.00079400 -0.00146100 1.30593700
-0.00079700 0.99999800 -0.00201100 0.67580200
0.00146000 0.00201200 0.99999700 0.10548800
0.00000000 0.00000000 0.00000000 1.00000000
159	1604	1770
0.99998000 -0.00098200 -0.00628800 1.39528800
0.00094800 0.99998500 -0.00546000 -4.31417000
0.00629400 0.00545400 0.99996500 0.04374200
0.00000000 0.00000000 0.00000000 1.00000000
604	1159	1770
0.99999300 -0.00318800 -0.00203400 5.39474700
0.00319100 0.99999400 0.00140400 -11.69315300
0.00203000 -0.00141100 0.99999700 -0.07816300
0.00000000 0.00000000 0.00000000 1.00000000
79	839	1770
0.99998700 0.00490800 -0.00100500 -0.04907600
-0.00489300 0.99988100 0.01462000 5.86293300
0.00107700 -0.01461500 0.99989300 0.01318300
0.00000000 0.00000000 0.00000000 1.00000000
34	509	1770
0.99976300 0.01631800 -0.01442400 -0.57871100
-0.01611600 0.99977200 0.01398700 -0.34054500
0.01464800 -0.01375100 0.99979800 -0.04772300
0.00000000 0.00000000 0.00000000 1.00000000
1439	1559	1770
0.92305700 0.31394300 0.22227200 7.83102000
-0.27573600 0.94292300 -0.18672600 12.68796600
-0.26820600 0.11107100 0.95693700 -2.36253900
0.00000000 0.00000000 0.00000000 1.00000000
219	1544	1770
0.99954400 -0.02817100 -0.01086700 -10.16670400
0.02809700 0.99958200 -0.00687600 -4.20985100
0.01105600 0.00656700 0.99991700 0.03671400
0.00000000 0.00000000 0.00000000 1.00000000
639	1124	1770
0.99993100 -0.00950200 0.00683600 -7.44127400
0.00950700 0.99995500 -0.00072200 -1.53382100
-0.00682900 0.00078700 0.99997600 -0.02051400
0.00000000 0.00000000 0.00000000 1.00000000
654	1109	1770
0.99999200 -0.00381700 0.00068800 7.20875800
0.00381700 0.99999300 -0.00043200 2.59492100
-0.00068600 0.00043500 1.00000000 0.07483700
0.00000000 0.00000000 0.00000000 1.00000000
19	1739	1770
-0.30584500 0.94143000 0.14201700 -9.32271500
-0.92705500 -0.32845000 0.18080400 -16.94987700
0.21685900 -0.07635900 0.97321200 3.49660800
0.00000000 0.00000000 0.00000000 1.00000000
499	1739	1770
0.99998500 -0.00531900 -0.00113200 4.69657700
0.00531500 0.99998100 -0.00318100 1.75844400
0.00114800 0.00317500 0.99999400 -0.05433200
0.00000000 0.00000000 0.00000000 1.00000000
254	1509	1770
0.99979800 0.02006800 0.00149400 5.55508900
-0.02008500 0.99971600 0.01279000 0.92405300
-0.00123700 -0.01281800 0.99991700 0.02030200
0.00000000 0.00000000 0.00000000 1.00000000
1249	1724	1770
0.99999800 0.00176400 -0.00105400 -1.39774500
-0.00175300 0.99994900 0.00996400 6.09736200
0.00107200 -0.00996200 0.99995000 -0.21480700
0.00000000 0.00000000 0.00000000 1.00000000
249	1514	1770
0.99963100 0.02502000 0.01056800 2.47133900
-0.02498700 0.99968200 -0.00332200 -0.07762500
-0.01064800 0.00305700 0.99993900 0.02481000
0.00000000 0.00000000 0.00000000 1.00000000
659	1104	1770
0.99999600 0.00131600 -0.00250800 6.61423800
-0.00132300 0.99999600 -0.00247300 4.31344600
0.00250500 0.00247700 0.99999400 -0.04063500
0.00000000 0.00000000 0.00000000 1.00000000
474	1299	1770
0.98332100 0.09205000 -0.15686400 -6.90680500
-0.06067500 0.97908500 0.19419400 -5.10185000
0.17145800 -0.18143700 0.96834000 -1.20153700
0.00000000 0.00000000 0.00000000 1.00000000
1244	1719	1770
0.99998600 0.00522300 0.00037300 -2.97566800
-0.00522400 0.99998100 0.00330000 -0.02116600
-0.00035600 -0.00330200 0.99999400 -0.15396100
0.00000000 0.00000000 0.00000000 1.00000000
929	1689	1770
0.99998200 0.00535800 -0.00259800 -0.01788400
-0.00534700 0.99997700 0.00415700 -2.98734300
0.00262000 -0.00414300 0.99998800 -0.00304500
0.00000000 0.00000000 0.00000000 1.00000000
414	1349	1770
0.99997700 0.00683500 -0.00036400 -1.90980900
-0.00684300 0.99960300 -0.02733900 8.68458100
0.00017700 0.02734100 0.99962600 0.33497200
0.00000000 0.00000000 0.00000000 1.00000000
1739	1744	1770
0.97501500 0.10818500 0.19401400 -21.19165000
-0.12919400 0.98665600 0.09909300 -8.98854800
-0.18070500 -0.12168300 0.97598100 1.94106200
0.00000000 0.00000000 0.00000000 1.00000000
744	1024	1770
0.99979800 -0.01497000 0.01340900 39.23431700
0.01495200 0.99988700 0.00149200 15.83918000
-0.01343000 -0.00129200 0.99990900 -0.67510300
0.00000000 0.00000000 0.00000000 1.00000000
89	1674	1770
0.99998800 0.00493900 -0.00031300 -0.56698000
-0.00493900 0.99998800 -0.00040800 -10.83206600
0.00031100 0.00040900 1.00000000 0.33424400
0.00000000 0.00000000 0.00000000 1.00000000
1289	1299	1770
0.99999300 -0.00346800 0.00101000 -16.03066600
0.00345300 0.99989400 0.01411300 -12.23468000
-0.00105900 -0.01411000 0.99990000 -0.02155500
0.00000000 0.00000000 0.00000000 1.00000000
244	1519	1770
0.99974200 -0.02225400 0.00452500 3.27681800
0.02223300 0.99974200 0.00464300 -0.07785400
-0.00462700 -0.00454100 0.99997900 -0.01948200
0.00000000 0.00000000 0.00000000 1.00000000
119	159	1770
-0.99701900 0.01737200 0.07517400 -2.39974400
0.01035300 -0.93538800 0.35347200 6.75626700
0.07645800 0.35319700 0.93242000 -0.98932400
0.00000000 0.00000000 0.00000000 1.00000000
449	1314	1770
0.99995400 -0.00450300 0.00851800 -2.38081200
0.00464100 0.99985600 -0.01630600 3.15470500
-0.00844300 0.01634500 0.99983100 0.07457100
0.00000000 0.00000000 0.00000000 1.00000000
644	1124	1770
-0.89098000 -0.03712600 -0.45252200 13.90371200
0.02687000 -0.99921600 0.02907300 -10.18768300
-0.45324600 0.01374500 0.89127900 7.45910400
0.00000000 0.00000000 0.00000000 1.00000000
174	1589	1770
0.99991600 0.00399100 0.01231500 0.28477000
-0.00399400 0.99999200 0.00024400 -0.06825700
-0.01231400 -0.00029300 0.99992400 0.03613800
0.00000000 0.00000000 0.00000000 1.00000000
499	1744	1770
0.95321200 0.28125200 0.11083500 5.66263200
-0.30206900 0.90057800 0.31259200 -0.30895800
-0.01189800 -0.33144600 0.94339900 2.82125500
0.00000000 0.00000000 0.00000000 1.00000000
49	809	1770
0.99993400 -0.01138400 -0.00159800 0.55627500
0.01143800 0.99914600 0.03969800 6.61992100
0.00114400 -0.03971400 0.99921000 0.97984800
0.00000000 0.00000000 0.00000000 1.00000000
954	1714	1770
0.99998800 -0.00292300 0.00391100 -3.22243900
0.00292500 0.99999600 -0.00045400 0.36239500
-0.00390900 0.00046600 0.99999200 -0.33880500
0.00000000 0.00000000 0.00000000 1.00000000
199	1564	1770
0.99927300 0.02017300 -0.03233700 -3.32233800
-0.02052900 0.99973200 -0.01070300 -0.37164900
0.03211200 0.01135900 0.99942000 -0.04592200
0.00000000 0.00000000 0.00000000 1.00000000
779	984	1770
0.99993300 -0.01161400 -0.00029700 -6.50494800
0.01161400 0.99993100 0.00201600 6.15872000
0.00027400 -0.00201900 0.99999800 0.04391100
0.00000000 0.00000000 0.00000000 1.00000000
329	1434	1770
0.99999900 -0.00019600 -0.00162400 -4.79498900
0.00020100 0.99999500 0.00318700 -0.74057200
0.00162400 -0.00318800 0.99999400 -0.04268700
0.00000000 0.00000000 0.00000000 1.00000000
214	1409	1770
0.11056000 0.85048300 0.51425200 -7.09277000
-0.50965500 0.49272900 -0.70531600 -6.18319000
-0.85324600 -0.18411200 0.48792900 -19.44098000
0.00000000 0.00000000 0.00000000 1.00000000
919	1679	1770
0.99996900 0.00762600 -0.00177000 0.30344100
-0.00761700 0.99995900 0.00498900 0.57681000
0.00180800 -0.00497500 0.99998600 0.04973600
0.00000000 0.00000000 0.00000000 1.00000000
544	1219	1770
0.99996800 -0.00022000 0.00801800 5.09992200
0.00027200 0.99997900 -0.00646700 -5.20573100
-0.00801700 0.00646900 0.99994700 0.07620200
0.00000000 0.00000000 0.00000000 1.00000000
204	1439	1770
0.77225200 -0.57462600 0.27098400 -6.93038200
0.61911200 0.77638500 -0.11801300 -12.95910000
-0.14257400 0.25890500 0.95532200 -1.92518100
0.00000000 0.00000000 0.00000000 1.00000000
494	1744	1770
0.99995900 0.00392800 0.00814300 4.09974300
-0.00397600 0.99997500 0.00588600 3.92950400
-0.00812000 -0.00591800 0.99995000 -0.04036700
0.00000000 0.00000000 0.00000000 1.00000000
29	1264	1770
0.59790200 0.38729000 0.70179800 6.13427200
-0.62805100 0.77036600 0.10994400 1.58893600
-0.49806100 -0.50650100 0.70384100 -2.17449400
0.00000000 0.00000000 0.00000000 1.00000000
24	29	1770
0.99582200 0.07172300 0.05651600 3.38891000
-0.07017300 0.99711500 -0.02893800 0.81448600
-0.05842900 0.02485200 0.99798200 -0.17424700
0.00000000 0.00000000 0.00000000 1.00000000
19	504	1770
-0.73362400 -0.67577900 0.07155100 16.72304000
-0.67890200 0.72422400 -0.12079500 13.39322200
0.02981200 -0.13719500 -0.99009500 8.79408000
0.00000000 0.00000000 0.00000000 1.00000000
214	359	1770
-0.97781400 0.04325400 -0.20496000 -22.75780500
0.12686000 0.90089000 -0.41509500 -6.60198400
0.16669100 -0.43188700 -0.88639000 9.36326700
0.00000000 0.00000000 0.00000000 1.00000000
19	1264	1770
-0.10665100 0.97838300 0.17718200 -8.74658000
-0.29446100 -0.20128300 0.93422600 -5.76223900
0.94969400 0.04746300 0.30956300 6.96552800
0.00000000 0.00000000 0.00000000 1.00000000
1264	1744	1770
0.94762200 0.13498100 0.28947100 -17.85292800
-0.17195200 0.97936100 0.10622900 -6.67079800
-0.26915800 -0.15044000 0.95127400 6.73442400
0.00000000 0.00000000 0.00000000 1.00000000
444	1319	1770
0.99993800 -0.00714500 0.00852600 -3.61788700
0.00717100 0.99997000 -0.00300500 4.48299000
-0.00850500 0.00306600 0.99995900 -0.00142500
0.00000000 0.00000000 0.00000000 1.00000000
639	1114	1770
0.96763300 0.25178300 0.01709100 -36.52996300
-0.25092700 0.95270100 0.17145700 -5.96083900
0.02688700 -0.17019600 0.98504300 1.64014000
0.00000000 0.00000000 0.00000000 1.00000000
519	1719	1770
0.99997600 0.00685800 -0.00110300 -0.51303300
-0.00685800 0.99997600 -0.00050500 -3.54912900
0.00109900 0.00051300 0.99999900 -0.10065700
0.00000000 0.00000000 0.00000000 1.00000000
259	1504	1770
0.99986200 -0.01598600 -0.00457600 0.60258100
0.01592200 0.99977900 -0.01374100 0.18280800
0.00479500 0.01366600 0.99989500 -0.11291000
0.00000000 0.00000000 0.00000000 1.00000000
1614	1644	1770
0.99616500 -0.00017100 0.08749700 1.79876100
-0.00055500 0.99996600 0.00827000 -4.66379400
-0.08749600 -0.00828700 0.99613000 -0.02802100
0.00000000 0.00000000 0.00000000 1.00000000
19	1744	1770
0.99997600 0.00664500 0.00219800 3.98925800
-0.00665400 0.99996900 0.00412100 5.44264300
-0.00217000 -0.00413600 0.99998900 -0.53223000
0.00000000 0.00000000 0.00000000 1.00000000
274	1489	1770
0.99965200 0.02436300 -0.01009300 4.62473000
-0.02439100 0.99969900 -0.00265300 -1.38576500
0.01002500 0.00289800 0.99994600 0.23893800
0.00000000 0.00000000 0.00000000 1.00000000
29	1739	1770
0.53000200 -0.83182800 -0.16480300 -13.20423900
0.80543500 0.55459900 -0.20903300 -22.36410000
0.26527900 -0.02195000 0.96392200 -4.80841900
0.00000000 0.00000000 0.00000000 1.00000000
24	504	1770
-0.82275400 -0.54211800 0.17083300 0.60830300
0.37713400 -0.74552500 -0.54951100 24.16225200
0.42526000 -0.38768500 0.81783500 8.97391500
0.00000000 0.00000000 0.00000000 1.00000000
429	1334	1770
0.99999500 -0.00224600 0.00235400 -5.24650100
0.00225900 0.99998300 -0.00541500 4.58512500
-0.00234200 0.00542000 0.99998300 -0.05164000
0.00000000 0.00000000 0.00000000 1.00000000
1424	1544	1770
0.91449300 0.39659900 -0.08007700 0.77769500
-0.38102200 0.91073900 0.15930400 -4.71590200
0.13610900 -0.11517100 0.98397700 1.46238500
0.00000000 0.00000000 0.00000000 1.00000000
494	504	1770
0.56824000 -0.80041900 -0.19087600 2.25710300
-0.80938100 -0.58550200 0.04570600 7.07810500
-0.14834200 0.12851900 -0.98055000 6.32662100
0.00000000 0.00000000 0.00000000 1.00000000
269	1494	1770
0.99999700 0.00225800 0.00074500 4.15400400
-0.00226000 0.99999100 0.00346700 -2.99750900
-0.00073700 -0.00346900 0.99999400 -0.01054000
0.00000000 0.00000000 0.00000000 1.00000000
1104	1129	1770
0.99937200 -0.00611800 -0.03491500 3.22478900
0.00924200 0.99589800 0.09001400 5.00393200
0.03422100 -0.09028000 0.99532800 -0.42646700
0.00000000 0.00000000 0.00000000 1.00000000
29	1259	1770
0.99999800 -0.00188600 0.00002700 10.34886300
0.00188600 0.99998400 0.00535900 4.19555900
-0.00003700 -0.00535900 0.99998600 0.11125500
0.00000000 0.00000000 0.00000000 1.00000000
1259	1264	1770
0.99547900 -0.06866200 0.06563400 -13.01509700
0.06987300 0.99742200 -0.01633400 -5.52833000
-0.06434300 0.02084600 0.99771000 -0.62831200
0.00000000 0.00000000 0.00000000 1.00000000
179	1584	1770
0.99836600 -0.01348200 0.05553100 -9.54039000
0.01264600 0.99980200 0.01537000 -3.29648700
-0.05572700 -0.01464300 0.99833900 0.37781600
0.00000000 0.00000000 0.00000000 1.00000000
19	29	1770
0.98368600 -0.04172500 0.17498700 7.72076500
0.00915500 0.98308000 0.18294600 10.39469200
-0.17966000 -0.17836000 0.96742400 0.72637000
0.00000000 0.00000000 0.00000000 1.00000000
499	1264	1770
0.99993200 -0.00342300 0.01116800 5.90766200
0.00335200 0.99997400 0.00639200 2.36576900
-0.01118900 -0.00635500 0.99991700 -0.09682800
0.00000000 0.00000000 0.00000000 1.00000000
29	1734	1770
0.99996200 0.00413100 0.00768000 8.64465800
-0.00415700 0.99998600 0.00330900 3.50664900
-0.00766600 -0.00334100 0.99996500 0.04401200
0.00000000 0.00000000 0.00000000 1.00000000
494	1264	1770
0.78067400 -0.59329900 -0.19632600 10.37807600
0.59745000 0.80069800 -0.04400500 16.08559400
0.18330600 -0.08294200 0.97955100 3.01105200
0.00000000 0.00000000 0.00000000 1.00000000
219	1434	1770
0.95930900 0.00710800 0.28226800 -21.47472200
-0.27788600 0.20097100 0.93935600 -0.09650600
-0.05005000 -0.97957200 0.19476800 4.34017000
0.00000000 0.00000000 0.00000000 1.00000000
1404	1439	1770
0.87814800 0.07062800 -0.47314600 0.16182600
-0.04064600 0.99648100 0.07330800 0.70719200
0.47665800 -0.04514400 0.87792900 2.36293200
0.00000000 0.00000000 0.00000000 1.00000000
639	649	1770
-1.00000000 0.00000000 0.00000000 -20.08684300
0.00000000 -1.00000000 0.00000000 -37.69361100
0.00000000 0.00000000 1.00000000 1.08646700
0.00000000 0.00000000 0.00000000 1.00000000
549	779	1770
0.99810700 -0.00040900 0.06150300 -8.98522300
-0.00400000 0.99742900 0.07154900 12.56198800
-0.06137400 -0.07165900 0.99553900 0.28055500
0.00000000 0.00000000 0.00000000 1.00000000
519	1244	1770
0.99999600 -0.00129300 -0.00242800 2.49623900
0.00128600 0.99999500 -0.00281100 -3.57361300
0.00243200 0.00280800 0.99999300 0.04575000
0.00000000 0.00000000 0.00000000 1.00000000
654	1114	1770
0.71442100 -0.69722700 -0.05897600 -8.53500300
0.69965800 0.71290500 0.04737700 -5.38156900
0.00901200 -0.07511100 0.99713400 -0.25096200
0.00000000 0.00000000 0.00000000 1.00000000
499	1269	1770
0.88479100 -0.30362000 0.35349700 -2.80720100
0.30742200 0.95041900 0.04685200 -8.39087400
-0.35019600 0.06721900 0.93426100 2.63480300
0.00000000 0.00000000 0.00000000 1.00000000
1149	1159	1770
0.98773700 -0.09982400 -0.12004100 -9.64390700
0.09526400 0.99451600 -0.04315900 15.49829500
0.12369100 0.03119500 0.99183000 0.49275600
0.00000000 0.00000000 0.00000000 1.00000000
214	1439	1770
-0.86317200 -0.04036500 -0.50329400 -14.92378800
-0.17501400 0.95892100 0.22325100 13.57275300
0.47360800 0.28078700 -0.83477800 14.03701600
0.00000000 0.00000000 0.00000000 1.00000000
1604	1614	1770
0.99142600 -0.00348300 0.13062600 -4.96770400
0.04016800 0.95936900 -0.27928200 17.62226200
-0.12434600 0.28213400 0.95128200 -1.27522700
0.00000000 0.00000000 0.00000000 1.00000000
809	954	1770
0.99996700 -0.00692500 0.00415700 1.77295300
0.00706800 0.99934900 -0.03538300 -9.67894800
-0.00390900 0.03541100 0.99936500 -0.27619600
0.00000000 0.00000000 0.00000000 1.00000000
219	1424	1770
-0.97283500 0.18230700 -0.14267500 -4.72422000
-0.22466300 -0.89215600 0.39189900 10.23698800
-0.05584300 0.41330700 0.90887800 -1.69554900
0.00000000 0.00000000 0.00000000 1.00000000
509	1729	1770
1.00000000 -0.00088200 -0.00025300 1.43748500
0.00088300 0.99999000 0.00434700 -0.35842200
0.00024900 -0.00434700 0.99999100 0.03974800
0.00000000 0.00000000 0.00000000 1.00000000
599	1164	1770
0.99982500 -0.01722300 0.00734800 3.26536400
0.01725900 0.99983900 -0.00483700 -4.42034500
-0.00726300 0.00496300 0.99996100 -0.69556800
0.00000000 0.00000000 0.00000000 1.00000000
794	969	1770
0.99999900 -0.00171600 0.00020900 -4.36405100
0.00171600 0.99999800 -0.00101100 6.80211700
-0.00020700 0.00101100 0.99999900 -0.02119100
0.00000000 0.00000000 0.00000000 1.00000000
824	939	1770
0.99998800 -0.00483600 0.00020600 1.18497800
0.00483700 0.99996500 -0.00675300 -9.36692200
-0.00017400 0.00675400 0.99997700 -0.12699300
0.00000000 0.00000000 0.00000000 1.00000000
119	1614	1770
0.99558100 0.00757000 -0.09360500 -4.02286500
-0.00787100 0.99996500 -0.00284100 12.23335800
0.09358100 0.00356500 0.99560500 -0.29485700
0.00000000 0.00000000 0.00000000 1.00000000
809	1714	1770
0.99986100 -0.00120400 0.01665400 -1.48627400
0.00130600 0.99998000 -0.00611400 -9.69311400
-0.01664700 0.00613500 0.99984300 -0.32298200
0.00000000 0.00000000 0.00000000 1.00000000
1434	1544	1770
0.85116900 0.50720900 0.13509400 -4.63608400
-0.50794800 0.86081000 -0.03154700 -1.09443300
-0.13229100 -0.04176800 0.99033000 -0.31471400
0.00000000 0.00000000 0.00000000 1.00000000
734	1024	1770
-0.66967100 -0.13891800 -0.72954900 9.94881200
-0.71903000 0.36709900 0.59011400 -6.97348700
0.18583900 0.91975000 -0.34572200 22.39812600
0.00000000 0.00000000 0.00000000 1.00000000
634	1129	1770
0.99997500 0.00692300 -0.00134800 -7.69279200
-0.00691400 0.99995100 0.00714100 -5.29624100
0.00139700 -0.00713200 0.99997400 0.16948400
0.00000000 0.00000000 0.00000000 1.00000000
29	1269	1770
-0.41921900 -0.90122600 -0.10976200 15.55672300
0.77756500 -0.29400000 -0.55583800 2.00457600
0.46866600 -0.31836500 0.82401200 -0.17991300
0.00000000 0.00000000 0.00000000 1.00000000
659	1129	1770
0.99990500 -0.00952000 -0.00996500 9.53896300
0.01027600 0.99683300 0.07885200 9.27945000
0.00918300 -0.07894700 0.99683700 -0.16381100
0.00000000 0.00000000 0.00000000 1.00000000
924	1684	1770
0.99999500 0.00164500 0.00254500 0.41591000
-0.00165800 0.99998600 0.00511800 -2.70927800
-0.00253700 -0.00512200 0.99998400 0.08102400
0.00000000 0.00000000 0.00000000 1.00000000
29	494	1770
0.76190900 -0.18689000 0.62013400 -2.16403800
0.61904100 0.49171200 -0.61237800 -13.40030300
-0.19048000 0.85046500 0.49033300 -13.99164900
0.00000000 0.00000000 0.00000000 1.00000000
744	1019	1770
0.99997600 -0.00261800 0.00641400 -8.22854300
0.00261000 0.99999600 0.00127500 -3.41158800
-0.00641800 -0.00125900 0.99997900 0.17360300
0.00000000 0.00000000 0.00000000 1.00000000
1259	1739	1770
0.99911200 -0.03129500 -0.02819300 -8.58639600
0.03543800 0.98631500 0.16101800 -3.92694000
0.02276800 -0.16187500 0.98654900 0.47646500
0.00000000 0.00000000 0.00000000 1.00000000
664	1099	1770
0.99996600 -0.00016700 0.00824900 2.97267100
0.00012500 0.99998700 0.00506500 1.44498500
-0.00825000 -0.00506400 0.99995300 0.74368200
0.00000000 0.00000000 0.00000000 1.00000000
29	1744	1770
0.78593100 0.24210700 -0.56894300 -8.06542700
-0.34936600 0.93307300 -0.08555100 -0.96664800
0.51015300 0.26600700 0.81791500 -8.84199700
0.00000000 0.00000000 0.00000000 1.00000000
594	599	1770
0.99320400 0.07167700 0.09169400 10.84917200
-0.06074900 0.99128700 -0.11687700 8.30375500
-0.09927200 0.11051200 0.98890400 2.65065800
0.00000000 0.00000000 0.00000000 1.00000000
499	504	1770
0.95747300 -0.23755400 0.16374900 4.42684700
0.26781400 0.94288600 -0.19809600 -4.25858300
-0.10733900 0.23352600 0.96640800 -2.78389800
0.00000000 0.00000000 0.00000000 1.00000000
1619	1639	1770
0.99611200 -0.00067000 0.08809100 9.60136200
-0.00165400 0.99965300 0.02630600 -7.18638200
-0.08807800 -0.02635000 0.99576500 -0.19521400
0.00000000 0.00000000 0.00000000 1.00000000
539	1224	1770
0.99998500 -0.00008300 -0.00540200 5.14394600
0.00011300 0.99998400 0.00559000 -6.58670800
0.00540200 -0.00559100 0.99997000 0.05181600
0.00000000 0.00000000 0.00000000 1.00000000
784	1224	1770
0.99725300 -0.01047300 -0.07332800 -25.15724800
0.00596700 0.99809500 -0.06140400 24.84102900
0.07383200 0.06079800 0.99541600 -0.58557800
0.00000000 0.00000000 0.00000000 1.00000000
609	1154	1770
0.99998400 -0.00406700 -0.00403100 4.50406200
0.00407500 0.99999000 0.00186400 -9.67675900
0.00402300 -0.00188000 0.99999000 -0.07442200
0.00000000 0.00000000 0.00000000 1.00000000
604	609	1770
0.03596800 0.49519000 -0.86804000 -7.56912300
-0.93985200 -0.27848000 -0.19780800 1.14548200
-0.33968400 0.82294300 0.45538900 1.08661700
0.00000000 0.00000000 0.00000000 1.00000000
509	1254	1770
0.99997200 0.00363800 0.00655900 2.64570300
-0.00361200 0.99998600 -0.00392300 -0.67063300
-0.00657300 0.00389900 0.99997100 -0.02111700
0.00000000 0.00000000 0.00000000 1.00000000
619	1144	1770
0.99996700 -0.00463400 -0.00664200 3.67402500
0.00471100 0.99992000 0.01170300 -6.04657400
0.00658700 -0.01173400 0.99990900 0.25172400
0.00000000 0.00000000 0.00000000 1.00000000
149	1644	1770
0.99718800 0.00942400 0.07434200 3.18362600
-0.01011100 0.99991000 0.00887300 -9.14000700
-0.07425200 -0.00960000 0.99719300 -0.03046700
0.00000000 0.00000000 0.00000000 1.00000000
39	514	1770
0.99998100 0.00536400 0.00299900 1.03273900
-0.00537900 0.99997300 0.00495600 -6.05408900
-0.00297200 -0.00497200 0.99998300 0.07855500
0.00000000 0.00000000 0.00000000 1.00000000
119	149	1770
0.99494500 -0.00449700 -0.10032000 -5.46284400
0.00056300 0.99923100 -0.03920300 16.72002300
0.10041900 0.03894800 0.99418300 0.02082800
0.00000000 0.00000000 0.00000000 1.00000000
479	1284	1770
0.99998500 -0.00391700 0.00375400 6.17789700
0.00390300 0.99998600 0.00355400 4.72179400
-0.00376800 -0.00354000 0.99998700 0.01054800
0.00000000 0.00000000 0.00000000 1.00000000
354	1409	1770
0.99993300 0.01060200 0.00464300 0.55064800
-0.01060600 0.99994400 0.00071900 0.69386700
-0.00463500 -0.00076800 0.99998900 0.01564900
0.00000000 0.00000000 0.00000000 1.00000000
779	1214	1770
0.99903600 -0.01049700 -0.04262000 10.43554600
0.00733300 0.99725200 -0.07372600 -15.12183900
0.04327700 0.07334300 0.99636700 -0.61566100
0.00000000 0.00000000 0.00000000 1.00000000
29	499	1770
0.97763200 -0.21031200 0.00226100 -21.88091500
0.20585700 0.95461100 -0.21526800 -7.65830200
0.04311500 0.21091800 0.97655200 -2.15998000
0.00000000 0.00000000 0.00000000 1.00000000
214	1559	1770
0.95124100 -0.30837100 0.00694900 2.03906400
0.30042700 0.93137100 0.20565200 -0.40955300
-0.06988900 -0.19353700 0.97860100 0.32725600
0.00000000 0.00000000 0.00000000 1.00000000
139	1624	1770
0.99986200 0.00400900 0.01610400 -21.91204700
-0.00401400 0.99999200 0.00024500 15.66373200
-0.01610300 -0.00031000 0.99987000 -0.46522300
0.00000000 0.00000000 0.00000000 1.00000000
329	1429	1770
0.99970200 -0.00592300 -0.02370200 14.74177200
0.00551600 0.99983700 -0.01719700 1.24660400
0.02380000 0.01706100 0.99957100 0.29115300
0.00000000 0.00000000 0.00000000 1.00000000
24	1259	1770
0.38730900 -0.78128600 0.48947300 -2.13655200
0.92181800 0.33715400 -0.19125700 -3.35742800
-0.01560100 0.52528100 0.85078600 0.50996700
0.00000000 0.00000000 0.00000000 1.00000000
19	1269	1770
0.99996200 0.00623800 0.00614600 3.66879000
-0.00627500 0.99996200 0.00603200 6.86633000
-0.00610800 -0.00607000 0.99996300 -0.54612700
0.00000000 0.00000000 0.00000000 1.00000000
854	909	1770
0.99996900 -0.00472800 -0.00629700 -6.05331100
0.00484800 0.99980600 0.01910800 8.00734900
0.00620500 -0.01913700 0.99979800 -0.14396400
0.00000000 0.00000000 0.00000000 1.00000000
609	1159	1770
0.95984000 -0.00705800 0.28045900 -2.00163600
-0.04112700 0.98534300 0.16555000 6.27956800
-0.27751700 -0.17043600 0.94548200 -2.91668600
0.00000000 0.00000000 0.00000000 1.00000000
324	1439	1770
1.00000000 0.00036000 -0.00017400 -5.70074600
-0.00036000 1.00000000 -0.00089800 -1.31748800
0.00017400 0.00089800 1.00000000 0.02192000
0.00000000 0.00000000 0.00000000 1.00000000
634	644	1770
-1.00000000 0.00000000 0.00000000 -3.85481800
0.00000000 -1.00000000 0.00000000 14.39114200
0.00000000 0.00000000 1.00000000 -0.35655400
0.00000000 0.00000000 0.00000000 1.00000000
1259	1734	1770
0.99999100 0.00405600 0.00127500 -1.79191000
-0.00405500 0.99999200 -0.00068500 -0.66703900
-0.00127800 0.00068000 0.99999900 -0.05828000
0.00000000 0.00000000 0.00000000 1.00000000
534	1229	1770
0.99999500 0.00013800 -0.00328700 4.31460200
-0.00011500 0.99997600 0.00688300 -5.98571200
0.00328800 -0.00688300 0.99997100 0.06081000
0.00000000 0.00000000 0.00000000 1.00000000
1544	1554	1770
0.99948500 -0.02405000 -0.02122400 0.97883100
0.02346800 0.99935300 -0.02725300 0.91179100
0.02186600 0.02674100 0.99940300 -0.96317900
0.00000000 0.00000000 0.00000000 1.00000000
494	1269	1770
0.99996800 0.00270400 0.00751500 3.77314400
-0.00274100 0.99998400 0.00492500 5.35009100
-0.00750100 -0.00494500 0.99996000 0.05114700
0.00000000 0.00000000 0.00000000 1.00000000
34	1254	1770
0.99976200 0.01851000 -0.01154800 1.94248700
-0.01841700 0.99979800 0.00810800 -0.97240400
0.01169600 -0.00789400 0.99990000 -0.03789500
0.00000000 0.00000000 0.00000000 1.00000000
324	1559	1770
-0.19425500 -0.30401200 -0.93265300 -19.29606900
-0.49683500 -0.78930400 0.36076700 -1.38203600
-0.84582500 0.53345600 0.00228200 11.43135900
0.00000000 0.00000000 0.00000000 1.00000000
149	1604	1770
0.99897100 -0.04469500 -0.00774100 0.68028100
0.04524700 0.99390900 0.10048600 -2.77860800
0.00320300 -0.10073300 0.99490800 -1.02760300
0.00000000 0.00000000 0.00000000 1.00000000
1404	1559	1770
0.99884600 -0.01037200 0.04689500 25.24319700
0.00674900 0.99702600 0.07676600 9.92193400
-0.04755200 -0.07636100 0.99594600 0.67015200
0.00000000 0.00000000 0.00000000 1.00000000
359	1439	1770
0.49789900 -0.86413300 0.07329000 -0.98760000
0.86722900 0.49643000 -0.03835400 9.31151900
-0.00324000 0.08265600 0.99657300 -0.53410700
0.00000000 0.00000000 0.00000000 1.00000000
649	654	1770
0.95928600 0.27799400 0.04990400 25.72916400
-0.28003900 0.95915300 0.04003800 0.64085000
-0.03673500 -0.05238300 0.99795100 1.43339300
0.00000000 0.00000000 0.00000000 1.00000000
394	1369	1770
0.99999300 -0.00263100 0.00282600 -1.61344200
0.00262800 0.99999600 0.00105800 11.48765300
-0.00282800 -0.00105100 0.99999500 0.06317900
0.00000000 0.00000000 0.00000000 1.00000000
4	1759	1770
0.99998100 0.00427400 -0.00448400 -2.96163900
-0.00424000 0.99996200 0.00760100 6.02222300
0.00451700 -0.00758200 0.99996100 -0.08066300
0.00000000 0.00000000 0.00000000 1.00000000
1434	1554	1770
0.96785800 -0.19297500 -0.16128300 6.83890700
0.23695200 0.91462100 0.32760100 5.58303000
0.08429400 -0.35528700 0.93094900 -3.85123700
0.00000000 0.00000000 0.00000000 1.00000000
504	1259	1770
0.99999200 0.00113800 0.00374700 6.76727400
-0.00114900 0.99999600 0.00277100 2.92658500
-0.00374300 -0.00277500 0.99998900 0.03065700
0.00000000 0.00000000 0.00000000 1.00000000
289	1474	1770
0.99998300 0.00578600 0.00017500 -2.50115200
-0.00578600 0.99998300 0.00066900 -1.77782000
-0.00017100 -0.00067000 1.00000000 -0.01012500
0.00000000 0.00000000 0.00000000 1.00000000
44	519	1770
0.99998500 0.00448600 0.00326500 1.99624100
-0.00452000 0.99993400 0.01053900 -6.04725400
-0.00321800 -0.01055400 0.99993900 0.05170300
0.00000000 0.00000000 0.00000000 1.00000000
64	1699	1770
0.99999500 0.00311500 -0.00070300 0.91990600
-0.00311000 0.99996900 0.00718600 -9.42374700
0.00072500 -0.00718400 0.99997400 -0.01150300
0.00000000 0.00000000 0.00000000 1.00000000
504	1744	1770
-0.10786900 0.80065800 -0.58933000 4.65395600
0.77940700 0.43610200 0.44982300 -4.87952100
0.61716300 -0.41080600 -0.67108000 4.66737000
0.00000000 0.00000000 0.00000000 1.00000000
64	824	1770
1.00000000 0.00011000 -0.00092600 0.53553200
-0.00010500 0.99998800 0.00485400 2.33559300
0.00092600 -0.00485400 0.99998800 -0.00465800
0.00000000 0.00000000 0.00000000 1.00000000
1259	1269	1770
0.97140900 0.13330000 -0.19645600 -8.83586500
-0.09329900 0.97526100 0.20040500 -3.12247400
0.21831000 -0.17634600 0.95981400 -2.65542200
0.00000000 0.00000000 0.00000000 1.00000000
34	1729	1770
0.99963000 0.01617700 -0.02188900 0.80306800
-0.01582400 0.99974300 0.01622900 -0.75066400
0.02214600 -0.01587600 0.99962900 -0.01081000
0.00000000 0.00000000 0.00000000 1.00000000
184	1579	1770
0.99971000 0.01871700 0.01514300 -0.98298200
-0.01924700 0.99918100 0.03559800 -5.25805200
-0.01446400 -0.03587900 0.99925100 -0.02384500
0.00000000 0.00000000 0.00000000 1.00000000
724	1039	1770
0.99880300 -0.00811800 -0.04823700 -2.32175200
0.00814000 0.99996700 0.00026400 -4.40706500
0.04823300 -0.00065600 0.99883600 0.01601200
0.00000000 0.00000000 0.00000000 1.00000000
39	1249	1770
1.00000000 -0.00039300 0.00069200 2.86261300
0.00038600 0.99995700 0.00929100 -17.59332200
-0.00069500 -0.00929100 0.99995700 0.37583900
0.00000000 0.00000000 0.00000000 1.00000000
544	784	1770
0.99672900 0.00077000 0.08081600 -3.11740100
-0.00485200 0.99872100 0.05032100 7.24190200
-0.08067400 -0.05054800 0.99545800 -0.04843700
0.00000000 0.00000000 0.00000000 1.00000000
369	1399	1770
-0.89135300 -0.22609700 0.39289900 -2.19565400
0.45298000 -0.41121900 0.79101800 -1.64664000
-0.01727900 0.88305100 0.46895800 -8.87356600
0.00000000 0.00000000 0.00000000 1.00000000
559	1204	1770
0.99998200 -0.00222300 -0.00559700 -6.08070900
0.00222500 0.99999700 0.00033000 -2.45845000
0.00559600 -0.00034200 0.99998400 0.04353300
0.00000000 0.00000000 0.00000000 1.00000000
324	1444	1770
0.99571700 -0.07222000 0.05773100 0.60279200
0.07540500 0.99563300 -0.05503800 0.02844800
-0.05350400 0.05915500 0.99681400 0.19167400
0.00000000 0.00000000 0.00000000 1.00000000
24	1734	1770
-0.93539000 0.32855300 -0.13076200 12.68917300
-0.29845100 -0.53516900 0.79026700 21.91468700
0.18966400 0.77823400 0.59864900 -10.38853400
0.00000000 0.00000000 0.00000000 1.00000000
339	1424	1770
0.99986100 0.01220000 0.01137400 -1.96657100
-0.01216500 0.99992100 -0.00310400 0.66522500
-0.01141100 0.00296500 0.99993000 0.02995200
0.00000000 0.00000000 0.00000000 1.00000000
784	979	1770
0.99997400 -0.00725800 -0.00036600 -7.36114900
0.00726000 0.99996800 0.00321600 9.05834200
0.00034300 -0.00321800 0.99999500 -0.05570400
0.00000000 0.00000000 0.00000000 1.00000000
639	1119	1770
-0.79721400 -0.19818900 0.57023700 -18.70824800
-0.21027600 0.97658500 0.04544300 -6.73647900
-0.56589100 -0.08367900 -0.82022200 2.96292000
0.00000000 0.00000000 0.00000000 1.00000000
574	1189	1770
0.99999400 0.00031000 0.00346000 6.17673700
-0.00030900 1.00000000 -0.00035100 -4.73141800
-0.00346000 0.00035000 0.99999400 -0.17079500
0.00000000 0.00000000 0.00000000 1.00000000
1439	1444	1770
-0.21326600 -0.73755600 0.64072500 26.77112700
0.96918100 -0.07693700 0.23402800 9.67946400
-0.12331300 0.67088800 0.73123400 -8.23036800
0.00000000 0.00000000 0.00000000 1.00000000
334	1429	1770
0.99999900 0.00102700 -0.00065700 -4.63680500
-0.00102800 0.99999900 -0.00023200 -0.45844600
0.00065700 0.00023200 1.00000000 0.10330200
0.00000000 0.00000000 0.00000000 1.00000000
599	1169	1770
0.65664900 0.70624300 -0.26463700 -8.75424800
0.65014000 -0.70791000 -0.27601100 -4.56830000
-0.38227000 0.00919100 -0.92400500 5.70511300
0.00000000 0.00000000 0.00000000 1.00000000
734	1034	1770
0.99974100 -0.01273000 0.01885200 34.00283400
0.01244800 0.99981000 0.01500200 21.44999100
-0.01903900 -0.01476300 0.99971000 -0.76774400
0.00000000 0.00000000 0.00000000 1.00000000
124	1619	1770
0.99638400 0.00029400 -0.08496100 -8.22296400
-0.00237800 0.99969900 -0.02442100 7.92400300
0.08492800 0.02453500 0.99608500 -0.46820000
0.00000000 0.00000000 0.00000000 1.00000000
204	214	1770
-0.23659200 -0.69749800 0.67640300 11.14887400
0.40845800 0.56026000 0.72060400 -8.13317300
-0.88158200 0.44677200 0.15234500 19.91186300
0.00000000 0.00000000 0.00000000 1.00000000
224	1539	1770
0.99996200 -0.00791400 0.00355200 -2.13692300
0.00790100 0.99996200 0.00375900 -1.69869400
-0.00358200 -0.00373100 0.99998700 0.07974700
0.00000000 0.00000000 0.00000000 1.00000000
759	1004	1770
0.99996400 -0.00728400 -0.00428000 -3.18575100
0.00734900 0.99985500 0.01533900 8.65250300
0.00416800 -0.01537000 0.99987300 -0.12366100
0.00000000 0.00000000 0.00000000 1.00000000
224	344	1770
0.99556700 -0.03483900 0.08736700 22.58460600
0.03295100 0.99919300 0.02296000 -7.76309400
-0.08809700 -0.01997900 0.99591200 -2.05528300
0.00000000 0.00000000 0.00000000 1.00000000
639	1109	1770
0.99847200 0.00367800 -0.05514100 -4.01019900
-0.00842000 0.99625900 -0.08600700 -7.56024000
0.05461900 0.08634000 0.99476700 -1.60750900
0.00000000 0.00000000 0.00000000 1.00000000
409	1354	1770
0.99995800 -0.00884900 -0.00254100 -1.06199500
0.00881900 0.99989400 -0.01157600 10.02629300
0.00264300 0.01155300 0.99993000 0.14251100
0.00000000 0.00000000 0.00000000 1.00000000
219	339	1770
-0.95836200 -0.16121000 -0.23569600 -17.11256400
-0.16240000 -0.37121400 0.91423500 -14.40510400
-0.23487800 0.91444600 0.32957700 -6.50559300
0.00000000 0.00000000 0.00000000 1.00000000
779	1219	1770
0.99800900 -0.00688200 -0.06269200 -26.78840400
0.00200400 0.99698700 -0.07754000 20.82335600
0.06303700 0.07726000 0.99501600 0.08489600
0.00000000 0.00000000 0.00000000 1.00000000
14	1749	1770
0.99999500 0.00266000 0.00159200 -2.44537500
-0.00265300 0.99998600 -0.00457200 10.41999000
-0.00160400 0.00456800 0.99998800 0.16176500
0.00000000 0.00000000 0.00000000 1.00000000
1424	1434	1770
0.99911600 -0.03822800 -0.01750200 4.71540100
0.03925300 0.99727200 0.06251700 -2.20011800
0.01506500 -0.06314900 0.99789000 0.75264300
0.00000000 0.00000000 0.00000000 1.00000000
44	1719	1770
0.99994000 0.00996300 0.00450900 1.43927600
-0.01000300 0.99991000 0.00892900 -9.50749600
-0.00441900 -0.00897400 0.99995000 -0.08570600
0.00000000 0.00000000 0.00000000 1.00000000
554	1209	1770
0.99998800 0.00485300 0.00119300 -7.49017700
-0.00484900 0.99998200 -0.00346800 -15.34884500
-0.00121000 0.00346200 0.99999300 0.15978600
0.00000000 0.00000000 0.00000000 1.00000000
459	1304	1770
0.99986500 0.00825900 -0.01422100 1.63688900
-0.00839000 0.99992300 -0.00918700 6.42677900
0.01414400 0.00930500 0.99985700 0.33113900
0.00000000 0.00000000 0.00000000 1.00000000
544	779	1770
0.97627400 -0.03935200 0.21293200 31.32635600
0.04681100 0.99845000 -0.03010100 -25.14730600
-0.21141800 0.03935400 0.97660300 -3.43818300
0.00000000 0.00000000 0.00000000 1.00000000
469	474	1770
0.99937500 -0.03115600 0.01669800 6.45999700
0.03063700 0.99906400 0.03052600 5.35326500
-0.01763300 -0.02999500 0.99939400 -0.27117800
0.00000000 0.00000000 0.00000000 1.00000000
559	1209	1770
0.99826100 0.04865200 -0.03329100 6.36648500
-0.04915600 0.99868600 -0.01447000 2.15437200
0.03254300 0.01608100 0.99934100 -0.05356800
0.00000000 0.00000000 0.00000000 1.00000000
134	1629	1770
0.99986300 0.01466700 -0.00761600 -0.79840900
-0.01445900 0.99953800 0.02671600 0.37958500
0.00800400 -0.02660200 0.99961400 -0.02383500
0.00000000 0.00000000 0.00000000 1.00000000
874	889	1770
0.99996400 -0.00187900 -0.00825600 -2.58508100
0.00193700 0.99997300 0.00707000 8.60046400
0.00824200 -0.00708600 0.99994100 0.00428700
0.00000000 0.00000000 0.00000000 1.00000000
534	974	1770
0.99723500 -0.01472700 0.07283700 20.20274000
0.01051100 0.99826500 0.05792900 -23.91988800
-0.07356400 -0.05700300 0.99566000 0.02817500
0.00000000 0.00000000 0.00000000 1.00000000
634	1119	1770
-0.64029700 -0.35775300 -0.67972900 4.37356800
-0.26103300 0.93359600 -0.24547800 2.97133600
0.72241300 0.02025300 -0.69116500 11.84825400
0.00000000 0.00000000 0.00000000 1.00000000
1399	1559	1770
0.99966100 -0.01657200 -0.02006800 -22.22057100
0.01830700 0.99580900 0.08960700 -3.50940100
0.01849900 -0.08994400 0.99577500 -0.00000300
0.00000000 0.00000000 0.00000000 1.00000000
699	1064	1770
0.99999900 0.00141400 0.00014500 -1.57555500
-0.00141500 0.99997100 0.00751300 9.07752500
-0.00013500 -0.00751300 0.99997200 -0.18864400
0.00000000 0.00000000 0.00000000 1.00000000
299	1464	1770
0.99999700 0.00090800 0.00219700 -4.30336700
-0.00090100 0.99999400 -0.00332500 1.05952700
-0.00220000 0.00332300 0.99999200 -0.10269700
0.00000000 0.00000000 0.00000000 1.00000000
324	364	1770
0.80708100 -0.57615700 0.12908500 13.26171800
0.58943200 0.79898700 -0.11912200 -15.96230100
-0.03450400 0.17222800 0.98445300 -0.58545100
0.00000000 0.00000000 0.00000000 1.00000000
54	949	1770
0.99993900 -0.01071600 0.00272600 3.60885800
0.01073300 0.99992300 -0.00616500 -9.68639600
-0.00265900 0.00619400 0.99997700 0.13010500
0.00000000 0.00000000 0.00000000 1.00000000
1429	1434	1770
-0.93904100 -0.17610000 -0.29528200 13.49417000
-0.20186100 0.97764100 0.05890200 -0.35337400
0.27830700 0.11491700 -0.95359300 2.93661600
0.00000000 0.00000000 0.00000000 1.00000000
604	1154	1770
0.99444500 -0.03962800 -0.09751100 4.48321100
0.03419500 0.99780200 -0.05676600 -12.03777200
0.09954600 0.05311600 0.99361400 0.50204900
0.00000000 0.00000000 0.00000000 1.00000000
364	369	1770
0.99148800 -0.12780100 -0.02488700 15.22422900
0.12790800 0.99178200 0.00275800 3.48141300
0.02433000 -0.00591800 0.99968600 0.72413900
0.00000000 0.00000000 0.00000000 1.00000000
569	1194	1770
0.99999800 -0.00204900 0.00087900 4.00134500
0.00204700 0.99999600 0.00201900 -6.54661600
-0.00088300 -0.00201700 0.99999800 0.01843800
0.00000000 0.00000000 0.00000000 1.00000000
389	1374	1770
0.99972600 0.00425400 -0.02300800 0.59786000
-0.00326000 0.99906700 0.04306800 -3.39776600
0.02317000 -0.04298100 0.99880700 0.45073000
0.00000000 0.00000000 0.00000000 1.00000000
1394	1399	1770
0.97953000 -0.19360800 0.05510300 4.27505100
0.19775200 0.87437300 -0.44313200 0.30432800
0.03761300 0.44495800 0.89476100 -3.67087900
0.00000000 0.00000000 0.00000000 1.00000000
209	1554	1770
0.99993200 0.01074900 -0.00449900 -0.54934200
-0.01076700 0.99993300 -0.00415500 -0.07121100
0.00445400 0.00420300 0.99998100 0.07321800
0.00000000 0.00000000 0.00000000 1.00000000
114	1649	1770
0.99995300 -0.00294900 0.00928500 -3.59586100
0.00295400 0.99999500 -0.00054900 -0.12714400
-0.00928300 0.00057600 0.99995700 0.07796100
0.00000000 0.00000000 0.00000000 1.00000000
799	1229	1770
-0.95619100 -0.22563500 0.18651600 -18.54445600
0.21118600 -0.97288900 -0.09427800 -12.19561500
0.20273200 -0.05075800 0.97791800 4.15398200
0.00000000 0.00000000 0.00000000 1.00000000
344	1419	1770
0.99960800 0.02574000 0.01098300 2.99378100
-0.02547900 0.99940300 -0.02334100 -0.57406200
-0.01157700 0.02305200 0.99966700 -0.53211200
0.00000000 0.00000000 0.00000000 1.00000000
219	1554	1770
0.95392400 -0.05549800 -0.29487300 -15.93975500
0.00182700 0.98380200 -0.17925200 -5.02205800
0.30004400 0.17045400 0.93857300 -6.51652200
0.00000000 0.00000000 0.00000000 1.00000000
939	1699	1770
0.99996200 0.00858500 -0.00163000 -0.76521600
-0.00857200 0.99993000 0.00819100 -2.49379300
0.00170000 -0.00817700 0.99996500 0.07651900
0.00000000 0.00000000 0.00000000 1.00000000
749	1014	1770
0.99977000 -0.00899700 0.01946600 1.62368200
0.00947800 0.99964800 -0.02478300 -0.14958400
-0.01923700 0.02496200 0.99950300 -0.03735200
0.00000000 0.00000000 0.00000000 1.00000000
729	1034	1770
0.99995600 -0.00204700 0.00918900 -9.03798500
0.00197300 0.99996600 0.00801000 -5.65125700
-0.00920500 -0.00799200 0.99992600 0.21414700
0.00000000 0.00000000 0.00000000 1.00000000
704	1059	1770
0.99992200 -0.01214600 0.00273600 -2.55844400
0.01215000 0.99992500 -0.00160000 7.63178600
-0.00271700 0.00163300 0.99999500 -0.01002700
0.00000000 0.00000000 0.00000000 1.00000000
54	1709	1770
0.99995600 -0.00903000 0.00257200 2.75114400
0.00905300 0.99991700 -0.00918100 -14.46973400
-0.00248900 0.00920400 0.99995500 0.21002600
0.00000000 0.00000000 0.00000000 1.00000000
1499	1509	1770
0.39357500 0.45019900 0.80151100 10.64133700
-0.12039200 0.88961000 -0.44056700 14.03946800
-0.91137500 0.07690100 0.40432900 -16.73990200
0.00000000 0.00000000 0.00000000 1.00000000
1114	1124	1770
0.99999200 -0.00078700 0.00402100 26.04341400
0.00078000 0.99999800 0.00189600 8.20994800
-0.00402300 -0.00189300 0.99999000 0.40746000
0.00000000 0.00000000 0.00000000 1.00000000
604	1149	1770
0.60628400 0.75713300 0.24324800 0.28067600
0.67313100 -0.65146200 0.34998800 -6.35786600
0.42345400 -0.04845500 -0.90462100 6.82387700
0.00000000 0.00000000 0.00000000 1.00000000
84	919	1770
0.99999400 -0.00328500 -0.00065000 0.60648700
0.00328100 0.99997200 -0.00675400 -14.29222800
0.00067200 0.00675200 0.99997700 -0.13702000
0.00000000 0.00000000 0.00000000 1.00000000
464	1299	1770
0.99999200 -0.00030700 -0.00391700 3.84374200
0.00029200 0.99999200 -0.00391100 2.81192900
0.00391800 0.00391000 0.99998500 0.10810400
0.00000000 0.00000000 0.00000000 1.00000000
334	339	1770
0.62852400 -0.77577800 0.05590600 -35.19385800
0.73038100 0.56397500 -0.38532700 -14.26578900
0.26739800 0.28302000 0.92108500 -7.26277400
0.00000000 0.00000000 0.00000000 1.00000000
554	1204	1770
-0.84461500 0.10076100 0.52580700 6.84943300
-0.03112800 0.97122500 -0.23611900 8.92992700
-0.53446900 -0.21579700 -0.81717500 4.11006600
0.00000000 0.00000000 0.00000000 1.00000000
209	1429	1770
0.98416500 -0.09567400 -0.14921700 13.88769400
0.06032900 0.97236200 -0.22555100 1.78600100
0.16667300 0.21297700 0.96273600 3.57109400
0.00000000 0.00000000 0.00000000 1.00000000
634	1124	1770
0.72565800 0.59499600 0.34554500 -8.75399400
-0.16381100 -0.33836700 0.92664700 -8.08083500
0.66827100 -0.72903200 -0.14807200 0.00224100
0.00000000 0.00000000 0.00000000 1.00000000
964	1229	1770
-0.83558100 -0.31519500 0.44995200 -17.84841200
-0.50980300 0.13968500 -0.84887500 -28.92508300
0.20471000 -0.93869100 -0.27740600 19.34525000
0.00000000 0.00000000 0.00000000 1.00000000
869	894	1770
0.99996400 -0.00694000 -0.00488300 -2.15497900
0.00695800 0.99996900 0.00355300 8.36777300
0.00485800 -0.00358600 0.99998200 0.11116900
0.00000000 0.00000000 0.00000000 1.00000000
939	1704	1770
0.69414900 -0.34290900 0.63290600 -2.93168600
0.54033700 -0.33270200 -0.77288100 6.32933400
0.47559700 0.87847700 -0.04565800 5.63760600
0.00000000 0.00000000 0.00000000 1.00000000
979	1224	1770
0.99753700 0.00772200 -0.06972100 -17.74626200
-0.01233900 0.99774100 -0.06602900 16.20015500
0.06905400 0.06672700 0.99537900 -0.24410700
0.00000000 0.00000000 0.00000000 1.00000000
1399	1439	1770
0.85006100 0.50426400 -0.15203200 -11.98616800
0.49450000 -0.86350200 -0.09916900 -4.32003200
-0.18128700 0.00912000 -0.98338800 2.02310000
0.00000000 0.00000000 0.00000000 1.00000000
454	1309	1770
0.99998700 0.00192900 0.00471000 -8.61883500
-0.00194600 0.99999200 0.00361700 10.42108300
-0.00470300 -0.00362700 0.99998200 0.70664700
0.00000000 0.00000000 0.00000000 1.00000000
1304	1314	1770
-0.60005600 0.57773900 -0.55331000 -14.41000400
0.55820800 -0.19304100 -0.80693200 -4.22066800
-0.57300700 -0.79306600 -0.20666300 -3.35175900
0.00000000 0.00000000 0.00000000 1.00000000
209	329	1770
0.96622100 -0.21199700 0.14654300 -13.51116400
0.15700600 0.93513400 0.31760500 -2.57503500
-0.20436900 -0.28386800 0.93683100 4.27136600
0.00000000 0.00000000 0.00000000 1.00000000
474	1294	1770
0.99991600 0.00490600 -0.01203400 -19.54343800
-0.00493200 0.99998600 -0.00209100 -14.76202300
0.01202400 0.00215000 0.99992500 -0.08136000
0.00000000 0.00000000 0.00000000 1.00000000
549	1219	1770
0.99787000 0.00137300 0.06521700 -35.70269900
0.00338900 0.99733600 -0.07286200 33.66484800
-0.06514400 0.07292700 0.99520700 2.67305400
0.00000000 0.00000000 0.00000000 1.00000000
514	1249	1770
0.99999500 0.00293900 -0.00067400 1.85905600
-0.00293900 0.99999600 -0.00007600 -11.44363500
0.00067400 0.00007800 1.00000000 0.24080900
0.00000000 0.00000000 0.00000000 1.00000000
44	1244	1770
0.99997900 0.00466800 0.00448000 4.43261700
-0.00470400 0.99995600 0.00809400 -9.53329300
-0.00444200 -0.00811500 0.99995700 0.11628000
0.00000000 0.00000000 0.00000000 1.00000000
364	1559	1770
0.99945400 0.02031700 -0.02604700 -17.56562600
-0.01820300 0.99671000 0.07897700 -1.61426300
0.02756600 -0.07846000 0.99653600 -0.22090600
0.00000000 0.00000000 0.00000000 1.00000000
399	1364	1770
0.99999700 -0.00103900 -0.00227300 -0.89719900
0.00103600 0.99999900 -0.00131000 6.48277100
0.00227500 0.00130800 0.99999700 0.11817300
0.00000000 0.00000000 0.00000000 1.00000000
79	924	1770
0.99998500 0.00049000 -0.00549500 -0.23848400
-0.00051000 0.99999300 -0.00373700 -1.20021100
0.00549300 0.00374000 0.99997800 0.03069400
0.00000000 0.00000000 0.00000000 1.00000000
1104	1109	1770
0.86616600 0.49873100 0.03201000 -7.06530100
-0.49975700 0.86444700 0.05454700 -17.42188200
-0.00046700 -0.06324400 0.99799800 3.79750800
0.00000000 0.00000000 0.00000000 1.00000000
159	1614	1770
0.99947100 0.03211900 0.00518700 2.77772500
-0.03243100 0.99627400 0.07991500 -9.69270100
-0.00260100 -0.08004100 0.99678800 1.12260800
0.00000000 0.00000000 0.00000000 1.00000000
779	784	1770
0.28616400 -0.93630800 -0.20356200 -23.91703100
0.92601700 0.32482700 -0.19230200 3.87101200
0.24617700 -0.13347100 0.95999100 -7.53439200
0.00000000 0.00000000 0.00000000 1.00000000
1424	1429	1770
0.99771200 0.04460200 -0.05081400 45.06494300
-0.04503600 0.99895800 -0.00742900 -0.22722000
0.05042900 0.00970000 0.99868100 1.25096600
0.00000000 0.00000000 0.00000000 1.00000000
819	944	1770
0.99998500 -0.00530800 -0.00114000 1.01972900
0.00529500 0.99993000 -0.01055700 -10.70962600
0.00119600 0.01055100 0.99994400 -0.13578900
0.00000000 0.00000000 0.00000000 1.00000000
879	884	1770
0.99998600 0.00172400 -0.00492500 4.39314500
-0.00185100 0.99966200 -0.02591700 5.86743100
0.00487800 0.02592600 0.99965200 0.92072200
0.00000000 0.00000000 0.00000000 1.00000000
59	1704	1770
0.99999200 0.00223200 0.00339600 0.73270300
-0.00221800 0.99998800 -0.00429100 -9.80781800
-0.00340500 0.00428300 0.99998500 -0.06929600
0.00000000 0.00000000 0.00000000 1.00000000
784	1219	1770
0.99692100 -0.00824200 -0.07798200 8.37878500
0.00395800 0.99848200 -0.05492900 -12.54344400
0.07831600 0.05445100 0.99544000 0.14249600
0.00000000 0.00000000 0.00000000 1.00000000
59	944	1770
0.99998900 -0.00325200 0.00323500 2.00504500
0.00328200 0.99994900 -0.00957800 -7.36092300
-0.00320400 0.00958900 0.99994900 -0.09576500
0.00000000 0.00000000 0.00000000 1.00000000
659	664	1770
0.91766200 0.25927000 0.30112200 -13.86077600
-0.19219600 -0.37365700 0.90743700 -4.16402900
0.34778800 -0.89059500 -0.29306000 -2.30421000
0.00000000 0.00000000 0.00000000 1.00000000
369	1564	1770
0.99994200 -0.00888000 0.00611200 -21.30152400
0.00790200 0.98943800 0.14474400 0.08764600
-0.00733300 -0.14468700 0.98945000 0.15196600
0.00000000 0.00000000 0.00000000 1.00000000
364	1439	1770
-0.92398800 -0.31672800 0.21431100 0.22548000
0.22748100 -0.90569100 -0.35773800 4.78733500
0.30740500 -0.28179400 0.90889700 -1.41475300
0.00000000 0.00000000 0.00000000 1.00000000
634	1104	1770
0.99982700 0.00870600 0.01646600 -10.90412400
-0.00675500 0.99334000 -0.11502500 -10.21258500
-0.01735800 0.11489400 0.99322600 0.04341200
0.00000000 0.00000000 0.00000000 1.00000000
654	1104	1770
-0.55666000 0.00160800 -0.83073900 19.58091000
0.42236400 -0.86056000 -0.28468300 7.30473900
-0.71535900 -0.50934600 0.47836000 6.67617800
0.00000000 0.00000000 0.00000000 1.00000000
209	334	1770
-1.00000000 0.00000000 0.00000000 7.10323500
0.00000000 -1.00000000 0.00000000 -3.58646700
0.00000000 0.00000000 1.00000000 4.92927400
0.00000000 0.00000000 0.00000000 1.00000000
249	1519	1770
0.94890500 -0.31447100 -0.02622700 -44.26419200
0.31341200 0.94886300 -0.03783800 3.96051500
0.03678500 0.02768500 0.99894000 -0.36690100
0.00000000 0.00000000 0.00000000 1.00000000
639	1104	1770
-0.86413700 -0.38860200 -0.31977400 6.83459500
0.31901000 0.06846500 -0.94527500 7.80682500
0.38922900 -0.91885900 0.06480400 -9.46458200
0.00000000 0.00000000 0.00000000 1.00000000
424	1339	1770
0.99999400 0.00286100 -0.00218500 -0.95287500
-0.00286500 0.99999400 -0.00189300 1.35160000
0.00217900 0.00189900 0.99999600 0.00084600
0.00000000 0.00000000 0.00000000 1.00000000
639	654	1770
0.99913600 0.01797900 0.03746400 -11.68136400
-0.01485300 0.99651200 -0.08211200 -10.20117300
-0.03880900 0.08148500 0.99591900 -0.47751300
0.00000000 0.00000000 0.00000000 1.00000000
49	1714	1770
0.99989700 -0.00897900 -0.01115600 -0.77106900
0.00914300 0.99985000 0.01472500 -2.96763500
0.01102200 -0.01482500 0.99982900 0.93488700
0.00000000 0.00000000 0.00000000 1.00000000
939	944	1770
0.90353700 0.38854100 0.18071000 0.09629100
0.36693300 -0.48372800 -0.79458600 2.57621200
-0.22131500 0.78424700 -0.57963500 8.02511600
0.00000000 0.00000000 0.00000000 1.00000000
609	1149	1770
0.92193100 0.37922800 -0.07892900 16.09431700
-0.20710600 0.65477900 0.72689100 -15.65243000
0.32733900 -0.65379700 0.68220200 16.82047800
0.00000000 0.00000000 0.00000000 1.00000000
204	369	1770
-0.61050300 -0.64029300 0.46616700 -9.27567300
0.79182300 -0.50638400 0.34145600 20.74973700
0.01742800 0.57758100 0.81614700 -1.32557000
0.00000000 0.00000000 0.00000000 1.00000000
354	1414	1770
-0.80855700 -0.58772900 0.02847000 -4.03379300
-0.58428500 0.79621300 -0.15702300 -0.95190500
0.06961900 -0.14359600 -0.98718500 -1.75533100
0.00000000 0.00000000 0.00000000 1.00000000
39	1724	1770
0.99997300 0.00715800 -0.00154300 1.44430500
-0.00714000 0.99990300 0.01196200 -11.30952600
0.00162900 -0.01195000 0.99992700 0.05198800
0.00000000 0.00000000 0.00000000 1.00000000
529	1234	1770
0.99998500 0.00275600 -0.00479500 5.13882000
-0.00271200 0.99995300 0.00931500 -10.81147000
0.00482100 -0.00930100 0.99994500 0.04562300
0.00000000 0.00000000 0.00000000 1.00000000
209	1434	1770
0.99129400 -0.12965600 -0.02294200 -18.39583300
0.12863300 0.91641100 0.37900500 -4.60130300
-0.02811600 -0.37865600 0.92511000 3.56248700
0.00000000 0.00000000 0.00000000 1.00000000
819	939	1770
0.95352200 0.20617300 -0.21974900 -0.18223700
0.28025500 -0.87471000 0.39539700 -8.84538200
-0.11069600 -0.43860500 -0.89183600 4.73039600
0.00000000 0.00000000 0.00000000 1.00000000
364	1394	1770
0.43288900 0.75969500 0.48525400 20.01637600
-0.87841400 0.47640500 0.03778000 -8.40748100
-0.20247600 -0.44260800 0.87355700 -2.74032600
0.00000000 0.00000000 0.00000000 1.00000000
204	1394	1770
0.08436700 -0.94986100 0.30107400 1.04150000
0.98961000 0.04456900 -0.13669600 24.91496400
0.11642400 0.30947900 0.94375200 1.20983900
0.00000000 0.00000000 0.00000000 1.00000000
539	979	1770
0.99738300 -0.01284300 0.07115200 22.96411500
0.00836200 0.99798400 0.06291200 -22.44562700
-0.07181700 -0.06215300 0.99547900 0.09679800
0.00000000 0.00000000 0.00000000 1.00000000
819	1704	1770
0.99998700 0.00392400 -0.00320700 -0.24889500
-0.00394300 0.99997400 -0.00606700 -13.16672400
0.00318300 0.00608000 0.99997600 -0.07193800
0.00000000 0.00000000 0.00000000 1.00000000
219	329	1770
0.97349700 -0.22124200 0.05792300 -13.69569600
0.22158700 0.97514000 0.00046900 13.55795000
-0.05658600 0.01237900 0.99832100 -0.02524500
0.00000000 0.00000000 0.00000000 1.00000000
1409	1414	1770
0.99873800 0.04781100 0.01534700 -3.30088700
-0.04727400 0.99831700 -0.03360400 -1.41717700
-0.01692800 0.03283600 0.99931700 0.14448300
0.00000000 0.00000000 0.00000000 1.00000000
639	644	1770
0.98195900 0.10426300 -0.15775100 -1.76212300
-0.07669400 0.98215200 0.17174000 -5.13669000
0.17284200 -0.15654300 0.97243000 2.80534400
0.00000000 0.00000000 0.00000000 1.00000000
789	974	1770
0.99997900 -0.00638600 -0.00104100 -5.71565300
0.00638900 0.99997500 0.00300000 7.28624700
0.00102200 -0.00300600 0.99999500 0.04654200
0.00000000 0.00000000 0.00000000 1.00000000
1664	1669	1770
0.63766000 0.76743900 -0.06653400 -10.76671400
-0.75258300 0.63907900 0.15873500 -5.32883200
0.16434000 -0.05114700 0.98507700 4.67615900
0.00000000 0.00000000 0.00000000 1.00000000
334	1434	1770
-0.97726600 -0.20747300 -0.04365200 -0.47588900
0.20743300 -0.97823400 0.00549100 -13.34100500
-0.04384100 -0.00368900 0.99903200 -0.90216600
0.00000000 0.00000000 0.00000000 1.00000000
54	814	1770
0.99999500 0.00100400 0.00285300 2.60777000
-0.00105300 0.99984900 0.01733600 0.49411800
-0.00283600 -0.01733900 0.99984600 -1.04599800
0.00000000 0.00000000 0.00000000 1.00000000
204	1564	1770
-0.78479900 -0.61719400 0.05622700 13.34577400
0.49286100 -0.56653900 0.66039500 4.66622800
-0.37573700 0.54598900 0.74881100 1.24439900
0.00000000 0.00000000 0.00000000 1.00000000
1154	1159	1770
0.98041900 -0.08804900 0.17614300 -2.06979700
0.07767900 0.99486100 0.06493900 4.79583100
-0.18095600 -0.04998500 0.98222000 -0.89119500
0.00000000 0.00000000 0.00000000 1.00000000
439	1329	1770
0.99454800 -0.01057900 0.10373900 27.89815000
0.00899500 0.99983600 0.01573100 -28.39407000
-0.10388800 -0.01471200 0.99448000 -2.10973300
0.00000000 0.00000000 0.00000000 1.00000000
209	1544	1770
-0.79111700 -0.36132200 0.49354000 -13.30690300
0.04377200 -0.83825200 -0.54352300 0.10769500
0.61009700 -0.40838700 0.67897100 -1.67066400
0.00000000 0.00000000 0.00000000 1.00000000
209	219	1770
0.97958100 -0.19305500 0.05612500 11.91404500
0.18626400 0.97653900 0.10805800 6.85278100
-0.07567000 -0.09539700 0.99255900 0.03105500
0.00000000 0.00000000 0.00000000 1.00000000
574	1184	1770
-0.58313600 0.78596300 0.20546400 11.86502900
-0.79231200 -0.60610500 0.06984300 5.00409900
0.17942700 -0.12206400 0.97616900 -3.19351800
0.00000000 0.00000000 0.00000000 1.00000000
594	1164	1770
-0.94016700 -0.33092200 -0.08110100 26.18952000
0.33115600 -0.83153900 -0.44595800 9.16979100
0.08013800 -0.44613200 0.89137200 0.04970200
0.00000000 0.00000000 0.00000000 1.00000000
149	159	1770
0.99986100 0.01487300 0.00757800 -1.10378900
-0.01499300 0.99975700 0.01613400 3.88811200
-0.00733600 -0.01624600 0.99984100 -0.46276000
0.00000000 0.00000000 0.00000000 1.00000000
824	1699	1770
0.99998500 0.00515600 -0.00189400 0.41297100
-0.00515000 0.99998200 0.00316300 -11.85642400
0.00191000 -0.00315300 0.99999300 -0.03825600
0.00000000 0.00000000 0.00000000 1.00000000
434	1329	1770
0.99995900 -0.00711700 0.00561900 -4.37575500
0.00715900 0.99994700 -0.00738200 2.41741100
-0.00556600 0.00742200 0.99995700 0.03559700
0.00000000 0.00000000 0.00000000 1.00000000
1349	1354	1770
0.93228300 0.31336800 0.18069200 -0.57510600
0.31039500 -0.94953000 0.04525300 0.81733800
0.18575300 0.01389700 -0.98249800 -1.42977300
0.00000000 0.00000000 0.00000000 1.00000000
199	1394	1770
0.99946500 0.01327100 -0.02989900 19.87607200
-0.01596000 0.99567000 -0.09158000 0.00069600
0.02855400 0.09200800 0.99534900 0.95311000
0.00000000 0.00000000 0.00000000 1.00000000
1394	1564	1770
0.99995700 0.00871800 0.00305500 -23.67354800
-0.00894800 0.99625800 0.08596700 -0.80357400
-0.00229400 -0.08599000 0.99629300 -0.14813800
0.00000000 0.00000000 0.00000000 1.00000000
99	1669	1770
0.91164600 -0.02945400 -0.40991900 1.44861900
-0.13366300 0.92195200 -0.36350900 17.69373500
0.38863300 0.38618300 0.83655700 12.66787700
0.00000000 0.00000000 0.00000000 1.00000000
229	1534	1770
0.99984800 0.01743000 -0.00065900 1.37205300
-0.01742900 0.99984700 0.00133200 -4.74781100
0.00068200 -0.00132000 0.99999900 0.55754600
0.00000000 0.00000000 0.00000000 1.00000000
104	1659	1770
0.99996600 0.00311300 -0.00768700 -9.58199700
-0.00307500 0.99998300 0.00499600 -4.67681000
0.00770200 -0.00497200 0.99995800 -0.50464100
0.00000000 0.00000000 0.00000000 1.00000000
394	1364	1770
0.89543800 0.44509500 -0.00901800 5.33095900
-0.44507600 0.89458200 -0.04037700 37.37248300
-0.00990400 0.04016900 0.99914400 1.19114400
0.00000000 0.00000000 0.00000000 1.00000000
289	1479	1770
0.95551800 0.15795200 0.24907100 -13.51967800
-0.15602200 0.98736800 -0.02760300 -14.62534300
-0.25028500 -0.01248500 0.96809200 -0.09958400
0.00000000 0.00000000 0.00000000 1.00000000
514	519	1770
0.99989000 0.01429500 0.00407200 4.03702600
-0.01430600 0.99989400 0.00271200 -24.36199600
-0.00403300 -0.00277000 0.99998800 0.03459400
0.00000000 0.00000000 0.00000000 1.00000000
489	1744	1770
0.86901300 0.47354000 -0.14344000 5.80236800
0.38119400 -0.82557600 -0.41607200 -12.47887800
-0.31544700 0.30689400 -0.89794700 -2.86804300
0.00000000 0.00000000 0.00000000 1.00000000
814	949	1770
0.99997300 -0.00106900 -0.00722500 1.03232100
0.00101500 0.99997100 -0.00756800 -10.10931800
0.00723300 0.00756100 0.99994500 0.91782000
0.00000000 0.00000000 0.00000000 1.00000000
534	1234	1770
0.97581700 0.21400700 0.04452100 -4.08605400
-0.21112300 0.97550900 -0.06171800 13.32416300
-0.05663900 0.05082600 0.99710000 0.59217100
0.00000000 0.00000000 0.00000000 1.00000000
1679	1684	1770
0.53368700 -0.82812200 -0.17144000 -17.79825100
0.83994500 0.54263400 -0.00641700 30.86612100
0.09834400 -0.14057600 0.98517400 -4.30354800
0.00000000 0.00000000 0.00000000 1.00000000
819	964	1770
0.61489700 0.62560100 0.48012900 26.03409000
0.27483500 -0.74066300 0.61309400 -0.90989600
0.73916600 -0.24503300 -0.62736900 7.55185100
0.00000000 0.00000000 0.00000000 1.00000000
124	144	1770
0.99598000 0.00638200 -0.08935300 -10.91676000
-0.00791500 0.99982700 -0.01681200 11.72218800
0.08923100 0.01745100 0.99585800 -0.51458600
0.00000000 0.00000000 0.00000000 1.00000000
629	1134	1770
0.99999200 0.00373300 -0.00127700 -0.47795200
-0.00372500 0.99997300 0.00629200 -4.04513200
0.00130100 -0.00628700 0.99997900 -0.03771900
0.00000000 0.00000000 0.00000000 1.00000000
789	979	1770
0.99804400 -0.04825000 -0.03975500 27.15091200
0.05084500 0.99645300 0.06706000 -31.10866400
0.03637900 -0.06895100 0.99695700 1.38852800
0.00000000 0.00000000 0.00000000 1.00000000
469	1299	1770
0.99897700 -0.01438500 0.04286500 -3.57292600
0.01609900 0.99907300 -0.03992100 -2.79930700
-0.04225100 0.04057000 0.99828300 0.07842700
0.00000000 0.00000000 0.00000000 1.00000000
144	1639	1770
0.99576700 -0.02512800 0.08841000 12.29381700
0.02370600 0.99957300 0.01709300 -10.74616700
-0.08880200 -0.01492500 0.99593700 -0.47873100
0.00000000 0.00000000 0.00000000 1.00000000
754	1169	1770
0.99262100 -0.03244300 -0.11683800 -11.30340800
0.02720300 0.99856300 -0.04616800 -9.16504900
0.11816800 0.04264900 0.99207700 -2.12396400
0.00000000 0.00000000 0.00000000 1.00000000
344	1414	1770
-0.95990500 -0.28032400 -0.00091400 -8.03585000
0.28002800 -0.95873200 -0.04916500 -15.85165900
0.01290600 -0.04745000 0.99879000 -0.73609800
0.00000000 0.00000000 0.00000000 1.00000000
669	1094	1770
0.99990400 -0.01377400 -0.00127800 8.84488500
0.01376200 0.99986600 -0.00881900 1.47808500
0.00140000 0.00880100 0.99996000 -0.00729500
0.00000000 0.00000000 0.00000000 1.00000000
999	1004	1770
0.81220700 0.49928900 -0.30171300 -3.85574800
0.38081400 -0.84557300 -0.37415000 7.57180900
-0.44192900 0.18899000 -0.87691600 -2.58216500
0.00000000 0.00000000 0.00000000 1.00000000
164	1599	1770
0.99997600 0.00600200 -0.00357700 1.37536500
-0.00595900 0.99991200 0.01182500 -4.27921000
0.00364800 -0.01180300 0.99992400 0.03200800
0.00000000 0.00000000 0.00000000 1.00000000
329	1424	1770
0.97707300 -0.17873300 -0.11568800 -6.47169200
0.12115800 0.91358600 -0.38817800 3.48905100
0.17507100 0.36526100 0.91429400 -1.52557900
0.00000000 0.00000000 0.00000000 1.00000000
219	334	1770
-0.02422600 -0.34793400 -0.93720600 0.13035500
0.00588700 0.93741500 -0.34816300 0.61018000
0.99968900 -0.01395200 -0.02066100 -2.95326300
0.00000000 0.00000000 0.00000000 1.00000000
4	1764	1770
-0.12197900 -0.06334600 0.99050900 -22.13746900
-0.54913100 -0.82700100 -0.12051400 -4.94293100
0.82678700 -0.55862000 0.06609100 12.14764900
0.00000000 0.00000000 0.00000000 1.00000000
524	959	1770
0.99608900 -0.00273900 0.08831800 0.94653800
-0.00091900 0.99914400 0.04134800 1.42230900
-0.08835600 -0.04126800 0.99523400 0.61342200
0.00000000 0.00000000 0.00000000 1.00000000
794	974	1770
0.99580700 -0.04239800 0.08106500 15.36806900
0.01463600 0.94854100 0.31631600 -23.04934200
-0.09030500 -0.31380300 0.94518400 3.53947800
0.00000000 0.00000000 0.00000000 1.00000000
384	1379	1770
0.99971700 0.00905400 0.02201500 0.77827100
-0.00983200 0.99932200 0.03549100 5.70316200
-0.02167900 -0.03569800 0.99912700 0.06874600
0.00000000 0.00000000 0.00000000 1.00000000
349	1409	1770
0.93760400 0.04246300 -0.34510300 14.90686100
0.17511800 0.79978000 0.57418300 6.64846900
0.30038800 -0.59879000 0.74244100 2.52830800
0.00000000 0.00000000 0.00000000 1.00000000
614	1154	1770
0.99993500 -0.01099100 -0.00294200 -16.09790500
0.01101700 0.99989900 0.00895400 35.43418100
0.00284300 -0.00898600 0.99995600 -0.61550700
0.00000000 0.00000000 0.00000000 1.00000000
1604	1609	1770
0.99985000 0.01457100 0.00940800 -7.63872900
-0.01459000 0.99989200 0.00200800 25.19361500
-0.00937800 -0.00214500 0.99995400 -0.16700200
0.00000000 0.00000000 0.00000000 1.00000000
59	814	1770
-0.39857700 -0.91598300 0.04594500 -12.18484300
0.89212500 -0.37560200 0.25106900 -4.13391600
-0.21271800 0.14105900 0.96687800 -1.50370800
0.00000000 0.00000000 0.00000000 1.00000000
824	1704	1770
0.04285400 0.90344200 -0.42656400 0.93126300
-0.94047800 -0.10759900 -0.32237100 -1.65098300
-0.33714100 0.41498900 0.84505600 3.16373400
0.00000000 0.00000000 0.00000000 1.00000000
489	1739	1770
-0.23897900 0.56867600 -0.78708100 -11.18718900
0.18889500 -0.76785600 -0.61214000 4.60628300
-0.95247400 -0.29496400 0.07608200 4.86044100
0.00000000 0.00000000 0.00000000 1.00000000
74	929	1770
0.99999200 0.00083000 0.00385300 1.94825300
-0.00082100 0.99999600 -0.00253300 -6.13483400
-0.00385500 0.00253000 0.99998900 0.12504700
0.00000000 0.00000000 0.00000000 1.00000000
469	1289	1770
1.00000000 -0.00062100 -0.00029100 13.91612300
0.00062800 0.99970400 0.02431100 10.83272700
0.00027600 -0.02431200 0.99970400 -0.30585400
0.00000000 0.00000000 0.00000000 1.00000000
404	1359	1770
0.99998700 -0.00495500 0.00068700 -0.94052700
0.00495700 0.99998300 -0.00296000 5.98600600
-0.00067200 0.00296300 0.99999500 0.10641100
0.00000000 0.00000000 0.00000000 1.00000000
469	1294	1770
0.99981200 -0.01056300 0.01623700 7.53956500
0.01039800 0.99989400 0.01023700 5.79031000
-0.01634300 -0.01006600 0.99981600 -0.21737800
0.00000000 0.00000000 0.00000000 1.00000000
1609	1644	1770
0.99814200 -0.03799400 -0.04763600 5.43970100
0.04075700 0.99745900 0.05843900 -12.42222600
0.04529400 -0.06027200 0.99715400 1.44754700
0.00000000 0.00000000 0.00000000 1.00000000
129	1634	1770
0.99983800 0.01772300 0.00300200 2.03109000
-0.01778100 0.99963100 0.02052200 3.94438700
-0.00263700 -0.02057200 0.99978500 0.00148900
0.00000000 0.00000000 0.00000000 1.00000000
829	1694	1770
0.99998900 0.00150600 -0.00437300 1.36438900
-0.00143400 0.99986200 0.01657200 -12.66840500
0.00439700 -0.01656600 0.99985300 0.04514900
0.00000000 0.00000000 0.00000000 1.00000000
239	1534	1770
0.48589700 0.87380500 -0.01920400 -0.24582300
0.87331200 -0.48627000 -0.02945300 2.11629600
-0.03507400 -0.00246000 -0.99938200 -2.37587000
0.00000000 0.00000000 0.00000000 1.00000000
349	1414	1770
0.99969300 0.00232700 0.02465800 6.42855300
-0.00259700 0.99993700 0.01093400 0.74703000
-0.02463100 -0.01099500 0.99963600 -2.08663300
0.00000000 0.00000000 0.00000000 1.00000000
1084	1089	1770
0.99986400 -0.00909700 -0.01376100 7.95501100
0.00963300 0.99917700 0.03939000 -0.56176800
0.01339100 -0.03951700 0.99912900 0.08182100
0.00000000 0.00000000 0.00000000 1.00000000
609	614	1770
0.99262000 0.10781300 0.05552400 18.30646400
-0.10537000 0.99340500 -0.04520400 -46.69620500
-0.06003100 0.03902000 0.99743400 -1.32625200
0.00000000 0.00000000 0.00000000 1.00000000
19	489	1770
0.99405600 -0.00662200 0.10866900 -13.32322600
-0.03065300 0.94074400 0.33773000 -28.85046400
-0.10446600 -0.33905300 0.93494900 7.04964000
0.00000000 0.00000000 0.00000000 1.00000000
199	369	1770
0.99780400 0.04172400 -0.05144900 18.11774200
-0.04747300 0.99210000 -0.11611800 -1.42906300
0.04619800 0.11830500 0.99190200 1.12944800
0.00000000 0.00000000 0.00000000 1.00000000
199	204	1770
0.99766900 -0.06765800 -0.00891100 -17.76994900
0.06652900 0.99337300 -0.09372400 -5.40909300
0.01519400 0.09291300 0.99555800 -1.43594200
0.00000000 0.00000000 0.00000000 1.00000000
754	1009	1770
0.99996700 0.00791700 0.00154200 -4.59080600
-0.00794100 0.99983300 0.01648300 10.54980200
-0.00141100 -0.01649500 0.99986300 -0.11860800
0.00000000 0.00000000 0.00000000 1.00000000
489	1264	1770
0.31170900 0.91691900 -0.24919400 14.58516100
-0.93355600 0.24669600 -0.26002600 -4.11116000
-0.17694800 0.31368900 0.93289300 -2.12324600
0.00000000 0.00000000 0.00000000 1.00000000
434	439	1770
0.95917500 -0.26619500 0.09551300 3.02549200
-0.27770500 -0.95040700 0.14002300 -5.19944900
0.05350300 -0.16083100 -0.98553100 6.89260200
0.00000000 0.00000000 0.00000000 1.00000000
829	934	1770
0.99999000 -0.00280000 -0.00358500 2.06373400
0.00279500 0.99999500 -0.00135800 -9.18722800
0.00358900 0.00134800 0.99999300 0.08509800
0.00000000 0.00000000 0.00000000 1.00000000
69	1694	1770
0.99999700 0.00008700 -0.00240000 1.59288800
-0.00004400 0.99984100 0.01785300 -10.21951200
0.00240100 -0.01785300 0.99983800 0.16272700
0.00000000 0.00000000 0.00000000 1.00000000
844	919	1770
0.99999300 -0.00309500 0.00203400 0.68685400
0.00313100 0.99983900 -0.01765600 -17.22839600
-0.00197900 0.01766300 0.99984200 -0.32479000
0.00000000 0.00000000 0.00000000 1.00000000
9	484	1770
-0.74579700 -0.66485300 -0.04193600 -6.50875000
0.57634200 -0.67551800 0.45989700 8.12135100
-0.33409200 0.31882000 0.88698200 -0.88426500
0.00000000 0.00000000 0.00000000 1.00000000
484	1279	1770
0.99975300 0.01027600 0.01969900 7.76025000
-0.01036400 0.99993700 0.00437500 3.80585200
-0.01965300 -0.00457800 0.99979600 -0.22897000
0.00000000 0.00000000 0.00000000 1.00000000
719	1044	1770
0.99997500 -0.00177000 -0.00691500 -4.27727300
0.00181800 0.99997400 0.00693300 7.48586300
0.00690300 -0.00694500 0.99995200 0.21771200
0.00000000 0.00000000 0.00000000 1.00000000
459	1314	1770
0.86813800 -0.17247900 0.46538900 5.05330000
-0.09889900 0.85875400 0.50275300 -5.87882100
-0.48636900 -0.48248600 0.72845900 -4.20266400
0.00000000 0.00000000 0.00000000 1.00000000
659	1099	1770
-0.01319300 0.99989800 -0.00540300 -6.40857300
-0.98502400 -0.01206800 0.17199600 -4.36106300
0.17191300 0.00759100 0.98508300 3.43864100
0.00000000 0.00000000 0.00000000 1.00000000
59	949	1770
-0.31615600 0.23583500 -0.91892700 -13.42417000
0.67937300 -0.61980400 -0.39280500 -1.37739300
-0.66219200 -0.74848200 0.03573500 7.43421700
0.00000000 0.00000000 0.00000000 1.00000000
839	924	1770
0.99999500 -0.00230500 0.00201800 -0.16562400
0.00233900 0.99984800 -0.01725100 -7.11462100
-0.00197800 0.01725600 0.99984900 -0.11421900
0.00000000 0.00000000 0.00000000 1.00000000
814	819	1770
-0.99213800 0.09568900 0.08065400 -3.41656500
-0.08804500 -0.99171700 0.09352100 -9.16649000
0.08893500 0.08568500 0.99234500 3.28519700
0.00000000 0.00000000 0.00000000 1.00000000
914	1664	1770
-0.99053400 0.10232200 0.09150600 -3.67300600
-0.11699500 -0.97797000 -0.17288000 23.87909100
0.07180100 -0.18195000 0.98068300 -0.83444900
0.00000000 0.00000000 0.00000000 1.00000000
689	1074	1770
0.99999800 0.00179000 0.00009500 -0.22649600
-0.00179000 0.99999800 0.00089200 5.83568700
-0.00009400 -0.00089200 1.00000000 0.08247500
0.00000000 0.00000000 0.00000000 1.00000000
759	764	1770
-0.66334700 -0.74621400 0.05600300 -6.81149100
0.74738600 -0.65694600 0.09917200 0.75175500
-0.03721200 0.10764100 0.99349300 2.56304300
0.00000000 0.00000000 0.00000000 1.00000000
119	1609	1770
0.31724200 0.37411900 -0.87143100 -4.49140500
-0.91356300 0.36714000 -0.17496100 -27.43311400
0.25448100 0.85161200 0.45825400 -13.47922300
0.00000000 0.00000000 0.00000000 1.00000000
94	1664	1770
0.96883500 -0.12844100 0.21180500 -1.30091500
0.19319600 -0.14333600 -0.97063400 2.20087500
0.15502800 0.98130400 -0.11405500 -6.02509000
0.00000000 0.00000000 0.00000000 1.00000000
79	84	1770
0.99999800 -0.00184400 -0.00049000 0.64568400
0.00184200 0.99999300 -0.00327700 -39.95050700
0.00049600 0.00327700 0.99999500 -0.10285400
0.00000000 0.00000000 0.00000000 1.00000000
449	1304	1770
0.23450400 0.80724200 -0.54163500 16.87482900
0.80702900 0.14895900 0.57141500 35.83275000
0.54195100 -0.57111400 -0.61653700 20.08160700
0.00000000 0.00000000 0.00000000 1.00000000
49	954	1770
0.99955600 0.00206600 -0.02972100 2.28289300
-0.00112700 0.99950100 0.03157400 -3.78972400
0.02977100 -0.03152600 0.99905900 1.85862700
0.00000000 0.00000000 0.00000000 1.00000000
284	289	1770
0.80742800 0.58303400 0.09017500 -5.13838500
-0.57945900 0.81244800 -0.06446900 4.21518400
-0.11085000 -0.00019800 0.99383700 -0.32197300
0.00000000 0.00000000 0.00000000 1.00000000
1474	1479	1770
0.61457000 -0.78794400 -0.03804600 1.88132300
0.39962100 0.35254800 -0.84617500 -12.68105600
0.68015200 0.50483000 0.53154500 -15.97929300
0.00000000 0.00000000 0.00000000 1.00000000
1759	1764	1770
0.89494900 0.23395200 -0.37991200 13.37573400
-0.34548200 0.90218500 -0.25827200 -19.29871400
0.28232800 0.36239300 0.88823600 -2.90958000
0.00000000 0.00000000 0.00000000 1.00000000
924	1679	1770
0.57677400 0.68111700 -0.45101100 19.22041500
-0.64354000 0.03877600 -0.76443000 24.20821000
-0.50317800 0.73114700 0.46069100 22.17631000
0.00000000 0.00000000 0.00000000 1.00000000
914	1669	1770
-0.69298300 -0.31010400 0.65085300 -10.58729400
0.43184200 -0.90144000 0.03029700 30.79873100
0.57731000 0.30206100 0.75859900 3.28682000
0.00000000 0.00000000 0.00000000 1.00000000
304	1464	1770
-0.16774800 0.98268200 0.07871700 -22.32553400
0.90650100 0.12237500 0.40407900 4.81780500
0.38744800 0.13914100 -0.91133100 3.86224400
0.00000000 0.00000000 0.00000000 1.00000000
1364	1369	1770
0.99955100 -0.02489800 0.01666700 0.68003600
0.02539300 0.99922300 -0.03015700 -1.92270500
-0.01590300 0.03056600 0.99940600 -0.02830900
0.00000000 0.00000000 0.00000000 1.00000000
79	844	1770
0.99999400 0.00357800 0.00032200 0.65822200
-0.00358500 0.99974100 0.02245700 -36.91969100
-0.00024200 -0.02245800 0.99974800 0.30091800
0.00000000 0.00000000 0.00000000 1.00000000
859	904	1770
0.99998300 -0.00573300 -0.00112000 -4.05466000
0.00574800 0.99988000 0.01441100 7.68076700
0.00103700 -0.01441700 0.99989600 -0.01533800
0.00000000 0.00000000 0.00000000 1.00000000
54	819	1770
0.73059500 0.11808900 0.67252200 0.58130000
0.20638100 -0.97705500 -0.05264000 -1.02647000
0.65087500 0.17725400 -0.73820200 5.30239400
0.00000000 0.00000000 0.00000000 1.00000000
99	1664	1770
0.99999400 0.00302400 0.00156800 -0.03786500
-0.00304300 0.99992200 0.01211000 -0.53788400
-0.00153100 -0.01211400 0.99992500 -0.14099200
0.00000000 0.00000000 0.00000000 1.00000000
94	914	1770
-0.85617600 -0.32588800 -0.40094900 -9.43160800
0.42028200 -0.89064200 -0.17355200 -4.72197400
-0.30054400 -0.31710300 0.89951100 8.64215000
0.00000000 0.00000000 0.00000000 1.00000000
389	1379	1770
0.39034900 -0.75764400 -0.52307100 21.47595000
0.89771200 0.43929700 0.03363000 -32.05598500
0.20430400 -0.48269500 0.85162500 6.61080400
0.00000000 0.00000000 0.00000000 1.00000000
284	1474	1770
0.99917300 -0.01086500 0.03919000 20.82248500
0.01022900 0.99981300 0.01640800 29.74825300
-0.03936100 -0.01599400 0.99909700 1.51157800
0.00000000 0.00000000 0.00000000 1.00000000
299	304	1770
0.10928800 0.78238800 0.61312800 27.60813000
-0.16169800 -0.59461300 0.78758400 -8.26291800
0.98077000 -0.18521500 0.06152600 -15.60164500
0.00000000 0.00000000 0.00000000 1.00000000
259	264	1770
0.63049700 -0.77600900 -0.01683500 -6.81978400
0.77595100 0.62961300 0.03856300 6.29350700
-0.01932600 -0.03737700 0.99911400 0.08762100
0.00000000 0.00000000 0.00000000 1.00000000
304	1459	1770
0.99996400 -0.00397600 -0.00747000 -4.49581600
0.00400900 0.99998300 0.00434100 0.99821500
0.00745300 -0.00437100 0.99996300 -0.06459900
0.00000000 0.00000000 0.00000000 1.00000000
819	949	1770
0.22234400 -0.47879100 0.84930700 12.18958200
-0.84834700 -0.52431600 -0.07348700 -16.26690300
0.48049000 -0.70416700 -0.52276000 13.19604600
0.00000000 0.00000000 0.00000000 1.00000000
1609	1614	1770
0.99959700 0.02042100 -0.01972800 1.03724200
-0.02020500 0.99973400 0.01112400 -2.03201800
0.01995000 -0.01072100 0.99974300 0.27738500
0.00000000 0.00000000 0.00000000 1.00000000
264	1499	1770
0.99984000 0.01786800 0.00100400 1.32150200
-0.01786900 0.99984000 0.00104400 -2.15828600
-0.00098500 -0.00106200 0.99999900 0.01682300
0.00000000 0.00000000 0.00000000 1.00000000
84	924	1770
0.99996200 0.00322100 -0.00805100 -0.90081300
-0.00331700 0.99992400 -0.01185700 38.58814400
0.00801200 0.01188300 0.99989700 0.17321700
0.00000000 0.00000000 0.00000000 1.00000000
44	514	1770
0.78536600 -0.05077300 -0.61694600 0.96836700
0.49239500 -0.55276700 0.67230600 7.30979700
-0.37516300 -0.83178800 -0.40912400 3.55690800
0.00000000 0.00000000 0.00000000 1.00000000
159	1609	1770
0.99958200 0.00543200 0.02840000 5.89623500
-0.00635400 0.99945200 0.03247200 -21.61463200
-0.02820800 -0.03263900 0.99906900 0.74728300
0.00000000 0.00000000 0.00000000 1.00000000
229	239	1770
0.41735600 0.90345500 0.09789600 -6.65919700
-0.82100500 0.42104800 -0.38557600 -11.75622500
-0.38956900 0.08055000 0.91746800 -5.11116400
0.00000000 0.00000000 0.00000000 1.00000000
954	1239	1770
-0.45094100 -0.58911600 0.67051800 1.02618600
0.00235900 0.75044600 0.66092700 13.35070000
-0.89255100 0.29962100 -0.33701700 19.84931700
0.00000000 0.00000000 0.00000000 1.00000000
149	1609	1770
0.99999100 -0.00308100 -0.00301100 5.79534000
0.00307000 0.99998900 -0.00368300 -19.82765500
0.00302200 0.00367300 0.99998900 -0.06966600
0.00000000 0.00000000 0.00000000 1.00000000
94	99	1770
0.95079400 -0.16433300 -0.26264900 -1.45862500
0.28818900 0.78031700 0.55502400 -6.28043300
0.11374100 -0.60340700 0.78928000 10.54470800
0.00000000 0.00000000 0.00000000 1.00000000
84	1679	1770
0.99997900 0.00632000 -0.00115400 0.85334500
-0.00632800 0.99995200 -0.00749100 -13.70683800
0.00110700 0.00749800 0.99997100 -0.18339500
0.00000000 0.00000000 0.00000000 1.00000000
394	399	1770
0.55747400 0.11295100 -0.82247500 -0.64283000
0.04920600 -0.99345500 -0.10308000 1.71166200
-0.82873500 0.01699300 -0.55938300 1.19738200
0.00000000 0.00000000 0.00000000 1.00000000
814	1709	1770
0.99999500 0.00065400 0.00313300 0.04025300
-0.00068400 0.99995200 0.00978500 -15.22620200
-0.00312700 -0.00978700 0.99994700 1.50866300
0.00000000 0.00000000 0.00000000 1.00000000
839	859	1770
-0.78437400 0.58291400 -0.21205900 -0.58133900
-0.56868300 -0.81231000 -0.12942700 14.04313100
-0.24770200 0.01907500 0.96864800 0.95968200
0.00000000 0.00000000 0.00000000 1.00000000
844	859	1770
-0.79608000 -0.59497600 0.11072500 -6.95268800
0.58537400 -0.80345100 -0.10864800 6.45039600
0.15360500 -0.02167700 0.98789500 0.84306600
0.00000000 0.00000000 0.00000000 1.00000000
59	1709	1770
0.14422600 0.01181600 -0.98947400 -7.45423200
0.10860800 -0.99407700 0.00396000 3.90295800
-0.98356700 -0.10803600 -0.14465500 -7.25932000
0.00000000 0.00000000 0.00000000 1.00000000
374	1389	1770
0.99989200 -0.00864000 -0.01188700 1.79538400
0.00767700 0.99686400 -0.07875500 3.87156900
0.01253000 0.07865600 0.99682300 -1.09869700
0.00000000 0.00000000 0.00000000 1.00000000
379	1389	1770
0.99691800 0.07415200 -0.02560000 -7.57879700
-0.07385500 0.99719300 0.01234700 -25.96038400
0.02644300 -0.01041800 0.99959600 -0.63807200
0.00000000 0.00000000 0.00000000 1.00000000
834	1694	1770
0.99736900 0.07240100 0.00370300 -5.76942300
-0.07244700 0.99727000 0.01427100 38.86449800
-0.00265900 -0.01450200 0.99989100 0.03337300
0.00000000 0.00000000 0.00000000 1.00000000
79	859	1770
-0.79395000 -0.26482000 -0.54727800 -1.90086800
-0.50893800 0.78192400 0.35996800 -11.66492700
0.33260300 0.56432800 -0.75558600 7.38405600
0.00000000 0.00000000 0.00000000 1.00000000
409	1349	1770
0.98314600 0.03430600 0.17957500 -2.20654900
-0.03300500 0.99940300 -0.01022900 20.51337600
-0.17981900 0.00413000 0.98369100 1.35234800
0.00000000 0.00000000 0.00000000 1.00000000
184	1379	1770
0.99752100 -0.00112500 0.07035500 4.28863900
-0.00034200 0.99978300 0.02083600 11.22431500
-0.07036300 -0.02080900 0.99730400 -0.47333700
0.00000000 0.00000000 0.00000000 1.00000000
844	924	1770
0.99605000 -0.06761000 0.05756600 -2.53217200
0.06618100 0.99745900 0.02638400 35.81857200
-0.05920400 -0.02247000 0.99799300 -0.86951500
0.00000000 0.00000000 0.00000000 1.00000000
14	1274	1770
0.99998100 -0.00207200 0.00586100 -9.58443700
0.00216300 0.99987500 -0.01563400 6.17483700
-0.00582800 0.01564600 0.99986100 -0.05071200
0.00000000 0.00000000 0.00000000 1.00000000
134	139	1770
0.99999800 -0.00052100 0.00171400 -9.13260000
0.00052100 1.00000000 0.00001000 -10.24487300
-0.00171400 -0.00000900 0.99999900 -0.06409700
0.00000000 0.00000000 0.00000000 1.00000000
74	1689	1770
0.99999400 0.00257800 0.00249500 1.83610800
-0.00259400 0.99997500 0.00651100 -9.18839900
-0.00247800 -0.00651700 0.99997600 0.08676900
0.00000000 0.00000000 0.00000000 1.00000000
809	1244	1770
0.99886800 0.04452400 0.01675500 -6.69915700
-0.04436500 0.99896800 -0.00975600 41.22928000
-0.01717200 0.00900200 0.99981200 0.53386500
0.00000000 0.00000000 0.00000000 1.00000000
844	1679	1770
0.99997900 0.00534600 -0.00358500 0.95958500
-0.00541000 0.99982200 -0.01809500 -16.61168300
0.00348800 0.01811400 0.99983000 -0.30821900
0.00000000 0.00000000 0.00000000 1.00000000
1239	1714	1770
-0.51862900 0.85284200 0.06069300 -0.95249800
-0.85039900 -0.52189100 0.06671700 13.42745400
0.08857500 -0.01701100 0.99592400 0.21824500
0.00000000 0.00000000 0.00000000 1.00000000
849	1674	1770
-0.21017300 0.96820300 -0.13568200 14.38211400
-0.96365800 -0.22856400 -0.13828100 10.53613300
-0.16489600 0.10168900 0.98105500 0.49610200
0.00000000 0.00000000 0.00000000 1.00000000
9	1754	1770
0.99995000 0.00731900 -0.00674500 -3.80946300
-0.00728500 0.99996100 0.00496800 7.52061900
0.00678100 -0.00491800 0.99996500 -0.07491400
0.00000000 0.00000000 0.00000000 1.00000000
484	1754	1770
0.96589300 -0.25745700 0.02768500 -8.55402600
0.25247500 0.96011900 0.12012000 -1.70656100
-0.05750600 -0.10903400 0.99237300 -0.26331000
0.00000000 0.00000000 0.00000000 1.00000000
79	1684	1770
0.99998600 0.00523100 -0.00110100 0.16977800
-0.00523200 0.99998600 -0.00043900 -4.00809500
0.00109800 0.00044500 0.99999900 0.04239500
0.00000000 0.00000000 0.00000000 1.00000000
54	1714	1770
0.99999700 0.00224800 0.00026600 -5.24763800
-0.00225500 0.99954500 0.03006400 34.37974400
-0.00019800 -0.03006500 0.99954800 -0.75107700
0.00000000 0.00000000 0.00000000 1.00000000
1384	1574	1770
0.99235300 0.08801600 0.08653700 1.37803400
-0.09610100 0.99090500 0.09419300 14.55138400
-0.07746000 -0.10178900 0.99178600 -0.47912500
0.00000000 0.00000000 0.00000000 1.00000000
1669	1674	1770
-0.77864500 0.59898900 0.18687900 8.02110800
-0.59934800 -0.79815700 0.06104200 -5.86717200
0.18572200 -0.06447500 0.98048500 -3.50992800
0.00000000 0.00000000 0.00000000 1.00000000
1384	1389	1770
0.99193100 0.12654200 0.00774100 -4.92808300
-0.12647100 0.99192900 -0.00910700 -13.95958300
-0.00883000 0.00805500 0.99992900 -0.36650800
0.00000000 0.00000000 0.00000000 1.00000000
99	914	1770
-0.96611800 -0.08949000 -0.24209000 1.11891500
0.16179300 0.52081700 -0.83819600 12.54990000
0.20109500 -0.84896500 -0.48869200 -3.55414500
0.00000000 0.00000000 0.00000000 1.00000000
854	1674	1770
-0.09469200 -0.88083700 0.46385300 -5.82307500
0.97229100 0.01820900 0.23306200 -7.85863700
-0.21373600 0.47306900 0.85470600 9.84142000
0.00000000 0.00000000 0.00000000 1.00000000
379	1574	1770
0.99043600 0.12885300 -0.04932600 -7.01710800
-0.12472600 0.98902600 0.07918400 -15.78168000
0.05898700 -0.07227500 0.99563900 0.11023700
0.00000000 0.00000000 0.00000000 1.00000000
189	1384	1770
0.99542200 -0.07102100 0.06396100 2.68764600
0.07088300 0.99747500 0.00443300 -0.33515800
-0.06411500 0.00012100 0.99794300 2.88544000
0.00000000 0.00000000 0.00000000 1.00000000
189	379	1770
0.98448800 -0.07333500 0.15938900 3.93275200
0.10896600 0.96757600 -0.22786500 6.96050100
-0.13751000 0.24169800 0.96055900 2.90834400
0.00000000 0.00000000 0.00000000 1.00000000
